2025-09-24 05:27:57,627 - INFO - Loading cache from /Users/dg/Documents/GitHub/eveObserver/cache/blueprint_names.json...
2025-09-24 05:27:57,628 - INFO - ✓ Cache loaded from /Users/dg/Documents/GitHub/eveObserver/cache/blueprint_names.json: 110 entries in 0.00s
2025-09-24 05:27:57,628 - INFO - Loading cache from /Users/dg/Documents/GitHub/eveObserver/cache/location_names.json...
2025-09-24 05:27:57,628 - INFO - ✓ Cache loaded from /Users/dg/Documents/GitHub/eveObserver/cache/location_names.json: 1 entries in 0.00s
2025-09-24 05:27:57,628 - INFO - Loading cache from /Users/dg/Documents/GitHub/eveObserver/cache/structure_names.json...
2025-09-24 05:27:57,628 - INFO - ✓ Cache loaded from /Users/dg/Documents/GitHub/eveObserver/cache/structure_names.json: 1 entries in 0.00s
2025-09-24 05:27:57,628 - INFO - Loading cache from /Users/dg/Documents/GitHub/eveObserver/cache/failed_structures.json...
2025-09-24 05:27:57,628 - INFO - ✓ Cache loaded from /Users/dg/Documents/GitHub/eveObserver/cache/failed_structures.json: 2 entries in 0.00s
2025-09-24 05:27:57,628 - INFO - Loading cache from /Users/dg/Documents/GitHub/eveObserver/cache/wp_post_ids.json...
2025-09-24 05:27:57,629 - INFO - ✓ Cache loaded from /Users/dg/Documents/GitHub/eveObserver/cache/wp_post_ids.json: 1 entries in 0.00s
2025-09-24 05:27:57,745 - INFO - EVENT: TOKEN_REFRESH_SUCCESS | USER: system | DETAILS: {'client_id': '8b221bf2...'}
2025-09-24 05:27:57,879 - INFO - ESI authenticated fetch successful: /characters/90020513/ in 0.13s
2025-09-24 05:27:57,879 - INFO - _fetch_esi_with_retry completed in 0.133s
2025-09-24 05:27:58,024 - INFO - WordPress GET successful: /wp/v2/eve_character?slug=character-90020513 in 0.14s
2025-09-24 05:27:58,024 - INFO - wp_request completed in 0.144s
2025-09-24 05:27:58,137 - INFO - ESI public fetch successful: /characters/90020513/portrait/ in 0.11s
2025-09-24 05:27:58,137 - INFO - _fetch_esi_with_retry completed in 0.112s
2025-09-24 05:27:58,137 - INFO - Portrait unchanged for character: Mr FiLiN
2025-09-24 05:27:58,940 - INFO - WordPress PUT successful: /wp/v2/eve_character/56 in 0.80s
2025-09-24 05:27:58,941 - INFO - wp_request completed in 0.803s
2025-09-24 05:27:58,941 - INFO - Updated character: Mr FiLiN
2025-09-24 05:27:58,941 - INFO - EVENT: CHARACTER_UPDATE | USER: 90020513 | DETAILS: {'name': 'Mr FiLiN', 'post_id': 56}
2025-09-24 05:27:59,059 - INFO - EVENT: TOKEN_REFRESH_SUCCESS | USER: system | DETAILS: {'client_id': '8b221bf2...'}
2025-09-24 05:27:59,094 - INFO - ESI authenticated fetch successful: /characters/90045731/ in 0.03s
2025-09-24 05:27:59,095 - INFO - _fetch_esi_with_retry completed in 0.034s
2025-09-24 05:27:59,318 - INFO - WordPress GET successful: /wp/v2/eve_character?slug=character-90045731 in 0.22s
2025-09-24 05:27:59,318 - INFO - wp_request completed in 0.224s
2025-09-24 05:27:59,353 - INFO - ESI public fetch successful: /characters/90045731/portrait/ in 0.03s
2025-09-24 05:27:59,353 - INFO - _fetch_esi_with_retry completed in 0.035s
2025-09-24 05:27:59,354 - INFO - Portrait unchanged for character: Dr FiLiN
2025-09-24 05:27:59,354 - INFO - Rate limiter adjusted: base=60.0, current=51.57, factor=0.9
2025-09-24 05:28:00,348 - INFO - WordPress PUT successful: /wp/v2/eve_character/85 in 0.99s
2025-09-24 05:28:00,349 - INFO - wp_request completed in 0.996s
2025-09-24 05:28:00,350 - INFO - Updated character: Dr FiLiN
2025-09-24 05:28:00,350 - INFO - EVENT: CHARACTER_UPDATE | USER: 90045731 | DETAILS: {'name': 'Dr FiLiN', 'post_id': 85}
2025-09-24 05:28:00,445 - INFO - EVENT: TOKEN_REFRESH_SUCCESS | USER: system | DETAILS: {'client_id': '8b221bf2...'}
2025-09-24 05:28:00,481 - INFO - ESI authenticated fetch successful: /characters/90522765/ in 0.03s
2025-09-24 05:28:00,481 - INFO - _fetch_esi_with_retry completed in 0.034s
2025-09-24 05:28:00,481 - INFO - Rate limiter adjusted: base=60.0, current=47.35, factor=0.8
2025-09-24 05:28:00,759 - INFO - WordPress GET successful: /wp/v2/eve_character?slug=character-90522765 in 0.28s
2025-09-24 05:28:00,760 - INFO - wp_request completed in 0.279s
2025-09-24 05:28:00,794 - INFO - ESI public fetch successful: /characters/90522765/portrait/ in 0.03s
2025-09-24 05:28:00,795 - INFO - _fetch_esi_with_retry completed in 0.035s
2025-09-24 05:28:00,795 - INFO - Portrait unchanged for character: Orev Khazar
2025-09-24 05:28:00,795 - INFO - Rate limiter adjusted: base=60.0, current=43.46, factor=0.7
2025-09-24 05:28:01,969 - INFO - WordPress PUT successful: /wp/v2/eve_character/86 in 1.17s
2025-09-24 05:28:01,969 - INFO - wp_request completed in 1.174s
2025-09-24 05:28:01,969 - INFO - Updated character: Orev Khazar
2025-09-24 05:28:01,969 - INFO - EVENT: CHARACTER_UPDATE | USER: 90522765 | DETAILS: {'name': 'Orev Khazar', 'post_id': 86}
2025-09-24 05:28:02,055 - INFO - EVENT: TOKEN_REFRESH_SUCCESS | USER: system | DETAILS: {'client_id': '8b221bf2...'}
2025-09-24 05:28:02,091 - INFO - ESI authenticated fetch successful: /characters/90162477/ in 0.04s
2025-09-24 05:28:02,091 - INFO - _fetch_esi_with_retry completed in 0.035s
2025-09-24 05:28:02,091 - INFO - Rate limiter adjusted: base=60.0, current=39.90, factor=0.7
2025-09-24 05:28:02,405 - INFO - WordPress GET successful: /wp/v2/eve_character?slug=character-90162477 in 0.31s
2025-09-24 05:28:02,405 - INFO - wp_request completed in 0.314s
2025-09-24 05:28:02,438 - INFO - ESI public fetch successful: /characters/90162477/portrait/ in 0.03s
2025-09-24 05:28:02,438 - INFO - _fetch_esi_with_retry completed in 0.033s
2025-09-24 05:28:02,438 - INFO - Portrait unchanged for character: Sir FiLiN
2025-09-24 05:28:02,438 - INFO - Rate limiter adjusted: base=60.0, current=36.63, factor=0.6
2025-09-24 05:28:03,907 - INFO - WordPress PUT successful: /wp/v2/eve_character/87 in 1.47s
2025-09-24 05:28:03,908 - INFO - wp_request completed in 1.470s
2025-09-24 05:28:03,908 - INFO - Updated character: Sir FiLiN
2025-09-24 05:28:03,908 - INFO - EVENT: CHARACTER_UPDATE | USER: 90162477 | DETAILS: {'name': 'Sir FiLiN', 'post_id': 87}
2025-09-24 05:28:04,069 - INFO - EVENT: TOKEN_REFRESH_SUCCESS | USER: system | DETAILS: {'client_id': '8b221bf2...'}
2025-09-24 05:28:04,106 - INFO - ESI authenticated fetch successful: /characters/95937458/ in 0.04s
2025-09-24 05:28:04,106 - INFO - _fetch_esi_with_retry completed in 0.036s
2025-09-24 05:28:04,106 - INFO - Rate limiter adjusted: base=60.0, current=33.62, factor=0.6
2025-09-24 05:28:04,330 - INFO - WordPress GET successful: /wp/v2/eve_character?slug=character-95937458 in 0.22s
2025-09-24 05:28:04,330 - INFO - wp_request completed in 0.224s
2025-09-24 05:28:04,430 - INFO - ESI public fetch successful: /characters/95937458/portrait/ in 0.10s
2025-09-24 05:28:04,430 - INFO - _fetch_esi_with_retry completed in 0.100s
2025-09-24 05:28:04,431 - INFO - Portrait unchanged for character: Filin Khan
2025-09-24 05:28:04,431 - INFO - Rate limiter adjusted: base=60.0, current=30.87, factor=0.5
2025-09-24 05:28:06,136 - INFO - WordPress PUT successful: /wp/v2/eve_character/88 in 1.70s
2025-09-24 05:28:06,136 - INFO - wp_request completed in 1.705s
2025-09-24 05:28:06,136 - INFO - Updated character: Filin Khan
2025-09-24 05:28:06,136 - INFO - EVENT: CHARACTER_UPDATE | USER: 95937458 | DETAILS: {'name': 'Filin Khan', 'post_id': 88}
2025-09-24 05:28:06,227 - INFO - EVENT: TOKEN_REFRESH_SUCCESS | USER: system | DETAILS: {'client_id': '8b221bf2...'}
2025-09-24 05:28:06,264 - INFO - ESI authenticated fetch successful: /characters/95985116/ in 0.04s
2025-09-24 05:28:06,264 - INFO - _fetch_esi_with_retry completed in 0.035s
2025-09-24 05:28:06,264 - INFO - Rate limiter adjusted: base=60.0, current=30.60, factor=0.5
2025-09-24 05:28:06,526 - INFO - WordPress GET successful: /wp/v2/eve_character?slug=character-95985116 in 0.26s
2025-09-24 05:28:06,527 - INFO - wp_request completed in 0.263s
2025-09-24 05:28:06,561 - INFO - ESI public fetch successful: /characters/95985116/portrait/ in 0.03s
2025-09-24 05:28:06,562 - INFO - _fetch_esi_with_retry completed in 0.035s
2025-09-24 05:28:06,562 - INFO - Portrait unchanged for character: Corvin Khan
2025-09-24 05:28:06,562 - INFO - Rate limiter adjusted: base=60.0, current=30.60, factor=0.5
2025-09-24 05:28:08,309 - INFO - WordPress PUT successful: /wp/v2/eve_character/89 in 1.75s
2025-09-24 05:28:08,310 - INFO - wp_request completed in 1.748s
2025-09-24 05:28:08,310 - INFO - Updated character: Corvin Khan
2025-09-24 05:28:08,310 - INFO - EVENT: CHARACTER_UPDATE | USER: 95985116 | DETAILS: {'name': 'Corvin Khan', 'post_id': 89}
2025-09-24 05:28:08,453 - INFO - EVENT: TOKEN_REFRESH_SUCCESS | USER: system | DETAILS: {'client_id': '8b221bf2...'}
2025-09-24 05:28:08,492 - INFO - ESI authenticated fetch successful: /characters/1316070855/ in 0.04s
2025-09-24 05:28:08,492 - INFO - _fetch_esi_with_retry completed in 0.036s
2025-09-24 05:28:08,492 - INFO - Rate limiter adjusted: base=60.0, current=30.60, factor=0.5
2025-09-24 05:28:08,623 - INFO - WordPress GET successful: /wp/v2/eve_character?slug=character-1316070855 in 0.13s
2025-09-24 05:28:08,623 - INFO - wp_request completed in 0.131s
2025-09-24 05:28:08,658 - INFO - ESI public fetch successful: /characters/1316070855/portrait/ in 0.04s
2025-09-24 05:28:08,659 - INFO - _fetch_esi_with_retry completed in 0.036s
2025-09-24 05:28:08,659 - INFO - Portrait unchanged for character: FiLiN Core
2025-09-24 05:28:08,659 - INFO - Rate limiter adjusted: base=60.0, current=30.60, factor=0.5
2025-09-24 05:28:10,554 - INFO - WordPress PUT successful: /wp/v2/eve_character/91 in 1.90s
2025-09-24 05:28:10,554 - INFO - wp_request completed in 1.896s
2025-09-24 05:28:10,555 - INFO - Updated character: FiLiN Core
2025-09-24 05:28:10,555 - INFO - EVENT: CHARACTER_UPDATE | USER: 1316070855 | DETAILS: {'name': 'FiLiN Core', 'post_id': 91}
2025-09-24 05:28:10,722 - INFO - EVENT: TOKEN_REFRESH_SUCCESS | USER: system | DETAILS: {'client_id': '8b221bf2...'}
2025-09-24 05:28:10,783 - INFO - ESI authenticated fetch successful: /characters/91594850/ in 0.06s
2025-09-24 05:28:10,784 - INFO - _fetch_esi_with_retry completed in 0.059s
2025-09-24 05:28:10,784 - INFO - Rate limiter adjusted: base=60.0, current=30.60, factor=0.5
2025-09-24 05:28:10,854 - INFO - WordPress GET successful: /wp/v2/eve_character?slug=character-91594850 in 0.07s
2025-09-24 05:28:10,854 - INFO - wp_request completed in 0.071s
2025-09-24 05:28:10,888 - INFO - ESI public fetch successful: /characters/91594850/portrait/ in 0.03s
2025-09-24 05:28:10,888 - INFO - _fetch_esi_with_retry completed in 0.034s
2025-09-24 05:28:10,888 - INFO - Portrait unchanged for character: Raven Madyar
2025-09-24 05:28:10,889 - INFO - Rate limiter adjusted: base=60.0, current=30.60, factor=0.5
2025-09-24 05:28:12,906 - INFO - WordPress PUT successful: /wp/v2/eve_character/92 in 2.02s
2025-09-24 05:28:12,907 - INFO - wp_request completed in 2.019s
2025-09-24 05:28:12,907 - INFO - Updated character: Raven Madyar
2025-09-24 05:28:12,908 - INFO - EVENT: CHARACTER_UPDATE | USER: 91594850 | DETAILS: {'name': 'Raven Madyar', 'post_id': 92}
2025-09-24 05:28:13,000 - INFO - EVENT: TOKEN_REFRESH_SUCCESS | USER: system | DETAILS: {'client_id': '8b221bf2...'}
2025-09-24 05:28:13,037 - INFO - ESI authenticated fetch successful: /characters/90483242/ in 0.03s
2025-09-24 05:28:13,037 - INFO - _fetch_esi_with_retry completed in 0.035s
2025-09-24 05:28:13,037 - INFO - Rate limiter adjusted: base=60.0, current=30.60, factor=0.5
2025-09-24 05:28:13,104 - INFO - WordPress GET successful: /wp/v2/eve_character?slug=character-90483242 in 0.07s
2025-09-24 05:28:13,104 - INFO - wp_request completed in 0.067s
2025-09-24 05:28:13,137 - INFO - ESI public fetch successful: /characters/90483242/portrait/ in 0.03s
2025-09-24 05:28:13,138 - INFO - _fetch_esi_with_retry completed in 0.033s
2025-09-24 05:28:13,138 - INFO - Portrait unchanged for character: Vran Ruthen
2025-09-24 05:28:13,138 - INFO - Rate limiter adjusted: base=60.0, current=30.60, factor=0.5
2025-09-24 05:28:15,078 - INFO - WordPress PUT successful: /wp/v2/eve_character/93 in 1.94s
2025-09-24 05:28:15,080 - INFO - wp_request completed in 1.942s
2025-09-24 05:28:15,080 - INFO - Updated character: Vran Ruthen
2025-09-24 05:28:15,081 - INFO - EVENT: CHARACTER_UPDATE | USER: 90483242 | DETAILS: {'name': 'Vran Ruthen', 'post_id': 93}
2025-09-24 05:28:15,081 - INFO - Corporation collection completed in 17.45s
2025-09-24 05:28:15,081 - INFO - Starting cleanup of old posts...
2025-09-24 05:28:15,081 - INFO - Cleaning up contract posts...
2025-09-24 05:28:15,082 - INFO - Rate limiter adjusted: base=60.0, current=30.60, factor=0.5
2025-09-24 05:28:15,217 - INFO - WordPress GET successful: /wp/v2/eve_contract in 0.13s
2025-09-24 05:28:15,217 - INFO - wp_request completed in 0.136s
2025-09-24 05:28:15,218 - INFO - Cleaning up blueprint posts...
2025-09-24 05:28:15,354 - INFO - Cleanup completed.
2025-09-24 05:28:15,355 - INFO - Post cleanup completed in 0.27s
2025-09-24 05:28:15,355 - INFO - Processing character: Mr FiLiN (ID: 90020513)
2025-09-24 05:28:15,355 - INFO - Starting contract processing for Mr FiLiN
2025-09-24 05:28:15,846 - INFO - ESI authenticated fetch successful: /characters/90020513/contracts/ in 0.49s
2025-09-24 05:28:15,846 - INFO - _fetch_esi_with_retry completed in 0.491s
2025-09-24 05:28:15,847 - INFO - Processing character: Dr FiLiN (ID: 90045731)
2025-09-24 05:28:15,847 - INFO - Starting contract processing for Dr FiLiN
2025-09-24 05:28:15,991 - INFO - ESI authenticated fetch successful: /characters/90045731/contracts/ in 0.14s
2025-09-24 05:28:15,992 - INFO - _fetch_esi_with_retry completed in 0.145s
2025-09-24 05:28:15,992 - INFO - Character contracts for Dr FiLiN: 61 items
2025-09-24 05:28:15,992 - INFO - Loading cache from /Users/dg/Documents/GitHub/eveObserver/cache/blueprint_types.json...
2025-09-24 05:28:15,993 - INFO - ✓ Cache loaded from /Users/dg/Documents/GitHub/eveObserver/cache/blueprint_types.json: 1019 entries in 0.00s
2025-09-24 05:28:15,993 - INFO - Fetching all expanded contracts from The Forge region for competition analysis...
2025-09-24 05:28:15,993 - INFO - Starting incremental contract processing for The Forge region...
2025-09-24 05:28:16,055 - INFO - Loaded 30031 existing expanded contracts from cache
2025-09-24 05:28:16,056 - INFO - Fetching current contracts from EVE Online API...
2025-09-24 05:28:16,056 - INFO - Fetching all contracts from region 10000002
2025-09-24 05:28:16,056 - INFO - Fetching page 1...
2025-09-24 05:28:16,127 - INFO - Found 1000 contracts on page 1
2025-09-24 05:28:16,127 - INFO - Contract 0: type=item_exchange, status=None, price=350000000.0
2025-09-24 05:28:16,128 - INFO - Contract 1: type=item_exchange, status=None, price=15000000.0
2025-09-24 05:28:16,128 - INFO - Contract 2: type=item_exchange, status=None, price=10000000.0
2025-09-24 05:28:16,128 - INFO - Contract 3: type=item_exchange, status=None, price=70000000.0
2025-09-24 05:28:16,128 - INFO - Contract 4: type=item_exchange, status=None, price=149000000.0
2025-09-24 05:28:16,129 - INFO - Fetching page 2...
2025-09-24 05:28:16,196 - INFO - Found 1000 contracts on page 2
2025-09-24 05:28:16,198 - INFO - Fetching page 3...
2025-09-24 05:28:16,270 - INFO - Found 1000 contracts on page 3
2025-09-24 05:28:16,271 - INFO - Fetching page 4...
2025-09-24 05:28:16,336 - INFO - Found 1000 contracts on page 4
2025-09-24 05:28:16,338 - INFO - Fetching page 5...
2025-09-24 05:28:16,499 - INFO - Found 1000 contracts on page 5
2025-09-24 05:28:16,500 - INFO - Fetching page 6...
2025-09-24 05:28:16,577 - INFO - Found 1000 contracts on page 6
2025-09-24 05:28:16,579 - INFO - Fetching page 7...
2025-09-24 05:28:16,654 - INFO - Found 1000 contracts on page 7
2025-09-24 05:28:16,656 - INFO - Fetching page 8...
2025-09-24 05:28:16,725 - INFO - Found 1000 contracts on page 8
2025-09-24 05:28:16,727 - INFO - Fetching page 9...
2025-09-24 05:28:16,801 - INFO - Found 1000 contracts on page 9
2025-09-24 05:28:16,802 - INFO - Fetching page 10...
2025-09-24 05:28:16,874 - INFO - Found 1000 contracts on page 10
2025-09-24 05:28:16,875 - INFO - Fetching page 11...
2025-09-24 05:28:17,020 - INFO - Found 1000 contracts on page 11
2025-09-24 05:28:17,022 - INFO - Fetching page 12...
2025-09-24 05:28:17,065 - INFO - Found 1000 contracts on page 12
2025-09-24 05:28:17,066 - INFO - Fetching page 13...
2025-09-24 05:28:17,136 - INFO - Found 1000 contracts on page 13
2025-09-24 05:28:17,137 - INFO - Fetching page 14...
2025-09-24 05:28:17,182 - INFO - Found 1000 contracts on page 14
2025-09-24 05:28:17,183 - INFO - Fetching page 15...
2025-09-24 05:28:17,225 - INFO - Found 1000 contracts on page 15
2025-09-24 05:28:17,226 - INFO - Fetching page 16...
2025-09-24 05:28:17,267 - INFO - Found 1000 contracts on page 16
2025-09-24 05:28:17,267 - INFO - Fetching page 17...
2025-09-24 05:28:17,312 - INFO - Found 1000 contracts on page 17
2025-09-24 05:28:17,313 - INFO - Fetching page 18...
2025-09-24 05:28:17,354 - INFO - Found 1000 contracts on page 18
2025-09-24 05:28:17,354 - INFO - Fetching page 19...
2025-09-24 05:28:17,397 - INFO - Found 1000 contracts on page 19
2025-09-24 05:28:17,397 - INFO - Fetching page 20...
2025-09-24 05:28:17,439 - INFO - Found 1000 contracts on page 20
2025-09-24 05:28:17,439 - INFO - Fetching page 21...
2025-09-24 05:28:17,542 - INFO - Found 1000 contracts on page 21
2025-09-24 05:28:17,543 - INFO - Fetching page 22...
2025-09-24 05:28:17,585 - INFO - Found 1000 contracts on page 22
2025-09-24 05:28:17,586 - INFO - Fetching page 23...
2025-09-24 05:28:17,735 - INFO - Found 1000 contracts on page 23
2025-09-24 05:28:17,736 - INFO - Fetching page 24...
2025-09-24 05:28:17,777 - INFO - Found 1000 contracts on page 24
2025-09-24 05:28:17,778 - INFO - Fetching page 25...
2025-09-24 05:28:17,820 - INFO - Found 1000 contracts on page 25
2025-09-24 05:28:17,820 - INFO - Fetching page 26...
2025-09-24 05:28:17,873 - INFO - Found 1000 contracts on page 26
2025-09-24 05:28:17,873 - INFO - Fetching page 27...
2025-09-24 05:28:17,915 - INFO - Found 1000 contracts on page 27
2025-09-24 05:28:17,916 - INFO - Fetching page 28...
2025-09-24 05:28:17,962 - INFO - Found 1000 contracts on page 28
2025-09-24 05:28:17,962 - INFO - Fetching page 29...
2025-09-24 05:28:18,068 - INFO - Found 1000 contracts on page 29
2025-09-24 05:28:18,069 - INFO - Fetching page 30...
2025-09-24 05:28:18,114 - INFO - Found 1000 contracts on page 30
2025-09-24 05:28:18,115 - INFO - Fetching page 31...
2025-09-24 05:28:18,150 - INFO - Found 31 contracts on page 31
2025-09-24 05:28:18,150 - INFO - Fetching page 32...
2025-09-24 05:28:18,247 - WARNING - ESI request failed (attempt 1/3): 404, message='Not Found', url='https://esi.evetech.net/latest/contracts/public/10000002/?page=32'. Retrying in 1s
2025-09-24 05:28:19,397 - WARNING - ESI request failed (attempt 2/3): 404, message='Not Found', url='https://esi.evetech.net/latest/contracts/public/10000002/?page=32'. Retrying in 2s
2025-09-24 05:28:21,538 - ERROR - ESI request failed after 3 attempts: 404, message='Not Found', url='https://esi.evetech.net/latest/contracts/public/10000002/?page=32'
2025-09-24 05:28:21,538 - INFO - No more contracts on page 32, stopping
2025-09-24 05:28:21,539 - INFO - Total contracts found: 30031
2025-09-24 05:28:21,553 - INFO - Fetched 30031 current contracts from API
2025-09-24 05:28:21,562 - INFO - Cache synchronization: 0 new contracts, 0 removed contracts
2025-09-24 05:28:21,562 - INFO - No new contracts to expand
2025-09-24 05:28:21,743 - INFO - Saved updated cache with 30031 contracts
2025-09-24 05:28:21,743 - INFO - Returning 30031 expanded contracts
2025-09-24 05:28:21,790 - INFO - Running concurrent WordPress updates for 46 contracts...
2025-09-24 05:28:21,790 - INFO - Loading cache from /Users/dg/Documents/GitHub/eveObserver/cache/blueprint_types.json...
2025-09-24 05:28:21,790 - INFO - ✓ Cache loaded from /Users/dg/Documents/GitHub/eveObserver/cache/blueprint_types.json: 1019 entries in 0.00s
2025-09-24 05:28:21,790 - INFO - Loading cache from /Users/dg/Documents/GitHub/eveObserver/cache/blueprint_types.json...
2025-09-24 05:28:21,791 - INFO - ✓ Cache loaded from /Users/dg/Documents/GitHub/eveObserver/cache/blueprint_types.json: 1019 entries in 0.00s
2025-09-24 05:28:21,791 - INFO - Loading cache from /Users/dg/Documents/GitHub/eveObserver/cache/blueprint_types.json...
2025-09-24 05:28:21,791 - INFO - ✓ Cache loaded from /Users/dg/Documents/GitHub/eveObserver/cache/blueprint_types.json: 1019 entries in 0.00s
2025-09-24 05:28:21,791 - INFO - Loading cache from /Users/dg/Documents/GitHub/eveObserver/cache/blueprint_types.json...
2025-09-24 05:28:21,791 - INFO - ✓ Cache loaded from /Users/dg/Documents/GitHub/eveObserver/cache/blueprint_types.json: 1019 entries in 0.00s
2025-09-24 05:28:21,791 - INFO - Loading cache from /Users/dg/Documents/GitHub/eveObserver/cache/blueprint_types.json...
2025-09-24 05:28:21,792 - INFO - ✓ Cache loaded from /Users/dg/Documents/GitHub/eveObserver/cache/blueprint_types.json: 1019 entries in 0.00s
2025-09-24 05:28:21,792 - INFO - Loading cache from /Users/dg/Documents/GitHub/eveObserver/cache/blueprint_types.json...
2025-09-24 05:28:21,792 - INFO - ✓ Cache loaded from /Users/dg/Documents/GitHub/eveObserver/cache/blueprint_types.json: 1019 entries in 0.00s
2025-09-24 05:28:21,792 - INFO - Loading cache from /Users/dg/Documents/GitHub/eveObserver/cache/blueprint_types.json...
2025-09-24 05:28:21,792 - INFO - ✓ Cache loaded from /Users/dg/Documents/GitHub/eveObserver/cache/blueprint_types.json: 1019 entries in 0.00s
2025-09-24 05:28:21,792 - INFO - Loading cache from /Users/dg/Documents/GitHub/eveObserver/cache/blueprint_types.json...
2025-09-24 05:28:21,793 - INFO - ✓ Cache loaded from /Users/dg/Documents/GitHub/eveObserver/cache/blueprint_types.json: 1019 entries in 0.00s
2025-09-24 05:28:21,793 - INFO - Loading cache from /Users/dg/Documents/GitHub/eveObserver/cache/blueprint_types.json...
2025-09-24 05:28:21,793 - INFO - ✓ Cache loaded from /Users/dg/Documents/GitHub/eveObserver/cache/blueprint_types.json: 1019 entries in 0.00s
2025-09-24 05:28:21,793 - INFO - Loading cache from /Users/dg/Documents/GitHub/eveObserver/cache/blueprint_types.json...
2025-09-24 05:28:21,793 - INFO - ✓ Cache loaded from /Users/dg/Documents/GitHub/eveObserver/cache/blueprint_types.json: 1019 entries in 0.00s
2025-09-24 05:28:21,793 - INFO - Loading cache from /Users/dg/Documents/GitHub/eveObserver/cache/blueprint_types.json...
2025-09-24 05:28:21,794 - INFO - ✓ Cache loaded from /Users/dg/Documents/GitHub/eveObserver/cache/blueprint_types.json: 1019 entries in 0.00s
2025-09-24 05:28:21,794 - INFO - Loading cache from /Users/dg/Documents/GitHub/eveObserver/cache/blueprint_types.json...
2025-09-24 05:28:21,794 - INFO - ✓ Cache loaded from /Users/dg/Documents/GitHub/eveObserver/cache/blueprint_types.json: 1019 entries in 0.00s
2025-09-24 05:28:21,794 - INFO - Loading cache from /Users/dg/Documents/GitHub/eveObserver/cache/blueprint_types.json...
2025-09-24 05:28:21,794 - INFO - ✓ Cache loaded from /Users/dg/Documents/GitHub/eveObserver/cache/blueprint_types.json: 1019 entries in 0.00s
2025-09-24 05:28:21,794 - INFO - Loading cache from /Users/dg/Documents/GitHub/eveObserver/cache/blueprint_types.json...
2025-09-24 05:28:21,795 - INFO - ✓ Cache loaded from /Users/dg/Documents/GitHub/eveObserver/cache/blueprint_types.json: 1019 entries in 0.00s
2025-09-24 05:28:21,795 - INFO - Loading cache from /Users/dg/Documents/GitHub/eveObserver/cache/blueprint_types.json...
2025-09-24 05:28:21,795 - INFO - ✓ Cache loaded from /Users/dg/Documents/GitHub/eveObserver/cache/blueprint_types.json: 1019 entries in 0.00s
2025-09-24 05:28:21,795 - INFO - Loading cache from /Users/dg/Documents/GitHub/eveObserver/cache/blueprint_types.json...
2025-09-24 05:28:21,795 - INFO - ✓ Cache loaded from /Users/dg/Documents/GitHub/eveObserver/cache/blueprint_types.json: 1019 entries in 0.00s
2025-09-24 05:28:21,795 - INFO - Loading cache from /Users/dg/Documents/GitHub/eveObserver/cache/blueprint_types.json...
2025-09-24 05:28:21,796 - INFO - ✓ Cache loaded from /Users/dg/Documents/GitHub/eveObserver/cache/blueprint_types.json: 1019 entries in 0.00s
2025-09-24 05:28:21,796 - INFO - Loading cache from /Users/dg/Documents/GitHub/eveObserver/cache/blueprint_types.json...
2025-09-24 05:28:21,796 - INFO - ✓ Cache loaded from /Users/dg/Documents/GitHub/eveObserver/cache/blueprint_types.json: 1019 entries in 0.00s
2025-09-24 05:28:21,796 - INFO - Loading cache from /Users/dg/Documents/GitHub/eveObserver/cache/blueprint_types.json...
2025-09-24 05:28:21,796 - INFO - ✓ Cache loaded from /Users/dg/Documents/GitHub/eveObserver/cache/blueprint_types.json: 1019 entries in 0.00s
2025-09-24 05:28:21,796 - INFO - Loading cache from /Users/dg/Documents/GitHub/eveObserver/cache/blueprint_types.json...
2025-09-24 05:28:21,797 - INFO - ✓ Cache loaded from /Users/dg/Documents/GitHub/eveObserver/cache/blueprint_types.json: 1019 entries in 0.00s
2025-09-24 05:28:21,797 - INFO - Loading cache from /Users/dg/Documents/GitHub/eveObserver/cache/blueprint_types.json...
2025-09-24 05:28:21,797 - INFO - ✓ Cache loaded from /Users/dg/Documents/GitHub/eveObserver/cache/blueprint_types.json: 1019 entries in 0.00s
2025-09-24 05:28:21,797 - INFO - Loading cache from /Users/dg/Documents/GitHub/eveObserver/cache/blueprint_types.json...
2025-09-24 05:28:21,797 - INFO - ✓ Cache loaded from /Users/dg/Documents/GitHub/eveObserver/cache/blueprint_types.json: 1019 entries in 0.00s
2025-09-24 05:28:21,797 - INFO - Loading cache from /Users/dg/Documents/GitHub/eveObserver/cache/blueprint_types.json...
2025-09-24 05:28:21,797 - INFO - ✓ Cache loaded from /Users/dg/Documents/GitHub/eveObserver/cache/blueprint_types.json: 1019 entries in 0.00s
2025-09-24 05:28:21,797 - INFO - Loading cache from /Users/dg/Documents/GitHub/eveObserver/cache/blueprint_types.json...
2025-09-24 05:28:21,798 - INFO - ✓ Cache loaded from /Users/dg/Documents/GitHub/eveObserver/cache/blueprint_types.json: 1019 entries in 0.00s
2025-09-24 05:28:21,798 - INFO - Loading cache from /Users/dg/Documents/GitHub/eveObserver/cache/blueprint_types.json...
2025-09-24 05:28:21,798 - INFO - ✓ Cache loaded from /Users/dg/Documents/GitHub/eveObserver/cache/blueprint_types.json: 1019 entries in 0.00s
2025-09-24 05:28:21,798 - INFO - Loading cache from /Users/dg/Documents/GitHub/eveObserver/cache/blueprint_types.json...
2025-09-24 05:28:21,798 - INFO - ✓ Cache loaded from /Users/dg/Documents/GitHub/eveObserver/cache/blueprint_types.json: 1019 entries in 0.00s
2025-09-24 05:28:21,798 - INFO - Loading cache from /Users/dg/Documents/GitHub/eveObserver/cache/blueprint_types.json...
2025-09-24 05:28:21,798 - INFO - ✓ Cache loaded from /Users/dg/Documents/GitHub/eveObserver/cache/blueprint_types.json: 1019 entries in 0.00s
2025-09-24 05:28:21,799 - INFO - Loading cache from /Users/dg/Documents/GitHub/eveObserver/cache/blueprint_types.json...
2025-09-24 05:28:21,799 - INFO - ✓ Cache loaded from /Users/dg/Documents/GitHub/eveObserver/cache/blueprint_types.json: 1019 entries in 0.00s
2025-09-24 05:28:21,799 - INFO - Loading cache from /Users/dg/Documents/GitHub/eveObserver/cache/blueprint_types.json...
2025-09-24 05:28:21,799 - INFO - ✓ Cache loaded from /Users/dg/Documents/GitHub/eveObserver/cache/blueprint_types.json: 1019 entries in 0.00s
2025-09-24 05:28:21,799 - INFO - Loading cache from /Users/dg/Documents/GitHub/eveObserver/cache/blueprint_types.json...
2025-09-24 05:28:21,799 - INFO - ✓ Cache loaded from /Users/dg/Documents/GitHub/eveObserver/cache/blueprint_types.json: 1019 entries in 0.00s
2025-09-24 05:28:21,799 - INFO - Loading cache from /Users/dg/Documents/GitHub/eveObserver/cache/blueprint_types.json...
2025-09-24 05:28:21,800 - INFO - ✓ Cache loaded from /Users/dg/Documents/GitHub/eveObserver/cache/blueprint_types.json: 1019 entries in 0.00s
2025-09-24 05:28:21,800 - INFO - Loading cache from /Users/dg/Documents/GitHub/eveObserver/cache/blueprint_types.json...
2025-09-24 05:28:21,800 - INFO - ✓ Cache loaded from /Users/dg/Documents/GitHub/eveObserver/cache/blueprint_types.json: 1019 entries in 0.00s
2025-09-24 05:28:21,800 - INFO - Loading cache from /Users/dg/Documents/GitHub/eveObserver/cache/blueprint_types.json...
2025-09-24 05:28:21,800 - INFO - ✓ Cache loaded from /Users/dg/Documents/GitHub/eveObserver/cache/blueprint_types.json: 1019 entries in 0.00s
2025-09-24 05:28:21,800 - INFO - Loading cache from /Users/dg/Documents/GitHub/eveObserver/cache/blueprint_types.json...
2025-09-24 05:28:21,801 - INFO - ✓ Cache loaded from /Users/dg/Documents/GitHub/eveObserver/cache/blueprint_types.json: 1019 entries in 0.00s
2025-09-24 05:28:21,801 - INFO - Loading cache from /Users/dg/Documents/GitHub/eveObserver/cache/blueprint_types.json...
2025-09-24 05:28:21,801 - INFO - ✓ Cache loaded from /Users/dg/Documents/GitHub/eveObserver/cache/blueprint_types.json: 1019 entries in 0.00s
2025-09-24 05:28:21,801 - INFO - Loading cache from /Users/dg/Documents/GitHub/eveObserver/cache/blueprint_types.json...
2025-09-24 05:28:21,802 - INFO - ✓ Cache loaded from /Users/dg/Documents/GitHub/eveObserver/cache/blueprint_types.json: 1019 entries in 0.00s
2025-09-24 05:28:21,802 - INFO - Loading cache from /Users/dg/Documents/GitHub/eveObserver/cache/blueprint_types.json...
2025-09-24 05:28:21,802 - INFO - ✓ Cache loaded from /Users/dg/Documents/GitHub/eveObserver/cache/blueprint_types.json: 1019 entries in 0.00s
2025-09-24 05:28:21,802 - INFO - Loading cache from /Users/dg/Documents/GitHub/eveObserver/cache/blueprint_types.json...
2025-09-24 05:28:21,802 - INFO - ✓ Cache loaded from /Users/dg/Documents/GitHub/eveObserver/cache/blueprint_types.json: 1019 entries in 0.00s
2025-09-24 05:28:21,802 - INFO - Loading cache from /Users/dg/Documents/GitHub/eveObserver/cache/blueprint_types.json...
2025-09-24 05:28:21,803 - INFO - ✓ Cache loaded from /Users/dg/Documents/GitHub/eveObserver/cache/blueprint_types.json: 1019 entries in 0.00s
2025-09-24 05:28:21,803 - INFO - Loading cache from /Users/dg/Documents/GitHub/eveObserver/cache/blueprint_types.json...
2025-09-24 05:28:21,803 - INFO - ✓ Cache loaded from /Users/dg/Documents/GitHub/eveObserver/cache/blueprint_types.json: 1019 entries in 0.00s
2025-09-24 05:28:21,803 - INFO - Loading cache from /Users/dg/Documents/GitHub/eveObserver/cache/blueprint_types.json...
2025-09-24 05:28:21,803 - INFO - ✓ Cache loaded from /Users/dg/Documents/GitHub/eveObserver/cache/blueprint_types.json: 1019 entries in 0.00s
2025-09-24 05:28:21,804 - INFO - Loading cache from /Users/dg/Documents/GitHub/eveObserver/cache/blueprint_types.json...
2025-09-24 05:28:21,804 - INFO - ✓ Cache loaded from /Users/dg/Documents/GitHub/eveObserver/cache/blueprint_types.json: 1019 entries in 0.00s
2025-09-24 05:28:21,804 - INFO - Loading cache from /Users/dg/Documents/GitHub/eveObserver/cache/blueprint_types.json...
2025-09-24 05:28:21,804 - INFO - ✓ Cache loaded from /Users/dg/Documents/GitHub/eveObserver/cache/blueprint_types.json: 1019 entries in 0.00s
2025-09-24 05:28:21,804 - INFO - Loading cache from /Users/dg/Documents/GitHub/eveObserver/cache/blueprint_types.json...
2025-09-24 05:28:21,804 - INFO - ✓ Cache loaded from /Users/dg/Documents/GitHub/eveObserver/cache/blueprint_types.json: 1019 entries in 0.00s
2025-09-24 05:28:21,804 - INFO - Loading cache from /Users/dg/Documents/GitHub/eveObserver/cache/blueprint_types.json...
2025-09-24 05:28:21,804 - INFO - ✓ Cache loaded from /Users/dg/Documents/GitHub/eveObserver/cache/blueprint_types.json: 1019 entries in 0.00s
2025-09-24 05:28:21,804 - INFO - Loading cache from /Users/dg/Documents/GitHub/eveObserver/cache/blueprint_types.json...
2025-09-24 05:28:21,805 - INFO - ✓ Cache loaded from /Users/dg/Documents/GitHub/eveObserver/cache/blueprint_types.json: 1019 entries in 0.00s
2025-09-24 05:28:21,805 - INFO - Rate limiter adjusted: base=60.0, current=30.60, factor=0.5
2025-09-24 05:28:21,805 - INFO - Rate limiter adjusted: base=60.0, current=30.60, factor=0.5
2025-09-24 05:28:21,805 - INFO - Rate limiter adjusted: base=60.0, current=30.60, factor=0.5
2025-09-24 05:28:21,805 - INFO - Rate limiter adjusted: base=60.0, current=30.60, factor=0.5
2025-09-24 05:28:21,805 - INFO - Rate limiter adjusted: base=60.0, current=30.60, factor=0.5
2025-09-24 05:28:21,805 - INFO - Rate limiter adjusted: base=60.0, current=30.60, factor=0.5
2025-09-24 05:28:21,805 - INFO - Rate limiter adjusted: base=60.0, current=30.60, factor=0.5
2025-09-24 05:28:21,805 - INFO - Rate limiter adjusted: base=60.0, current=30.60, factor=0.5
2025-09-24 05:28:21,805 - INFO - Rate limiter adjusted: base=60.0, current=30.60, factor=0.5
2025-09-24 05:28:21,805 - INFO - Rate limiter adjusted: base=60.0, current=30.60, factor=0.5
2025-09-24 05:28:21,805 - INFO - Rate limiter adjusted: base=60.0, current=30.60, factor=0.5
2025-09-24 05:28:21,805 - INFO - Rate limiter adjusted: base=60.0, current=30.60, factor=0.5
2025-09-24 05:28:21,805 - INFO - Rate limiter adjusted: base=60.0, current=30.60, factor=0.5
2025-09-24 05:28:21,805 - INFO - Rate limiter adjusted: base=60.0, current=30.60, factor=0.5
2025-09-24 05:28:21,805 - INFO - Rate limiter adjusted: base=60.0, current=30.60, factor=0.5
2025-09-24 05:28:21,806 - INFO - Rate limiter adjusted: base=60.0, current=30.60, factor=0.5
2025-09-24 05:28:21,806 - INFO - Rate limiter adjusted: base=60.0, current=30.60, factor=0.5
2025-09-24 05:28:21,806 - INFO - Rate limiter adjusted: base=60.0, current=30.60, factor=0.5
2025-09-24 05:28:21,806 - INFO - Rate limiter adjusted: base=60.0, current=30.60, factor=0.5
2025-09-24 05:28:21,806 - INFO - Rate limiter adjusted: base=60.0, current=30.60, factor=0.5
2025-09-24 05:28:21,806 - INFO - Rate limiter adjusted: base=60.0, current=30.60, factor=0.5
2025-09-24 05:28:21,806 - INFO - Rate limiter adjusted: base=60.0, current=30.60, factor=0.5
2025-09-24 05:28:21,806 - INFO - Rate limiter adjusted: base=60.0, current=30.60, factor=0.5
2025-09-24 05:28:21,806 - INFO - Rate limiter adjusted: base=60.0, current=30.60, factor=0.5
2025-09-24 05:28:21,806 - INFO - Rate limiter adjusted: base=60.0, current=30.60, factor=0.5
2025-09-24 05:28:21,806 - INFO - Rate limiter adjusted: base=60.0, current=30.60, factor=0.5
2025-09-24 05:28:21,806 - INFO - Rate limiter adjusted: base=60.0, current=30.60, factor=0.5
2025-09-24 05:28:21,806 - INFO - Rate limiter adjusted: base=60.0, current=30.60, factor=0.5
2025-09-24 05:28:21,806 - INFO - Rate limiter adjusted: base=60.0, current=30.60, factor=0.5
2025-09-24 05:28:21,806 - INFO - Rate limiter adjusted: base=60.0, current=30.60, factor=0.5
2025-09-24 05:28:21,806 - INFO - Rate limiter adjusted: base=60.0, current=30.60, factor=0.5
2025-09-24 05:28:21,806 - INFO - Rate limiter adjusted: base=60.0, current=30.60, factor=0.5
2025-09-24 05:28:21,806 - INFO - Rate limiter adjusted: base=60.0, current=30.60, factor=0.5
2025-09-24 05:28:21,806 - INFO - Rate limiter adjusted: base=60.0, current=30.60, factor=0.5
2025-09-24 05:28:21,806 - INFO - Rate limiter adjusted: base=60.0, current=30.60, factor=0.5
2025-09-24 05:28:21,806 - INFO - Rate limiter adjusted: base=60.0, current=30.60, factor=0.5
2025-09-24 05:28:21,806 - INFO - Rate limiter adjusted: base=60.0, current=30.60, factor=0.5
2025-09-24 05:28:21,806 - INFO - Rate limiter adjusted: base=60.0, current=30.60, factor=0.5
2025-09-24 05:28:21,806 - INFO - Rate limiter adjusted: base=60.0, current=30.60, factor=0.5
2025-09-24 05:28:21,806 - INFO - Rate limiter adjusted: base=60.0, current=30.60, factor=0.5
2025-09-24 05:28:21,806 - INFO - Rate limiter adjusted: base=60.0, current=30.60, factor=0.5
2025-09-24 05:28:21,806 - INFO - Rate limiter adjusted: base=60.0, current=30.60, factor=0.5
2025-09-24 05:28:21,806 - INFO - Rate limiter adjusted: base=60.0, current=30.60, factor=0.5
2025-09-24 05:28:21,806 - INFO - Rate limiter adjusted: base=60.0, current=30.60, factor=0.5
2025-09-24 05:28:21,807 - INFO - Rate limiter adjusted: base=60.0, current=30.60, factor=0.5
2025-09-24 05:28:21,807 - INFO - Rate limiter adjusted: base=60.0, current=30.60, factor=0.5
2025-09-24 05:28:21,900 - INFO - WordPress GET successful: /wp/v2/eve_contract?slug=contract-222641777 in 0.10s
2025-09-24 05:28:21,900 - INFO - wp_request completed in 0.110s
2025-09-24 05:28:21,903 - INFO - Contract 222641777 contains no blueprints, skipping
2025-09-24 05:28:23,918 - INFO - WordPress GET successful: /wp/v2/eve_contract?slug=contract-222697519 in 2.11s
2025-09-24 05:28:23,918 - INFO - wp_request completed in 2.115s
2025-09-24 05:28:23,925 - INFO - Contract 222697519 contains no blueprints, skipping
2025-09-24 05:28:24,048 - INFO - WordPress GET successful: /wp/v2/eve_contract?slug=contract-222697477 in 2.24s
2025-09-24 05:28:24,048 - INFO - wp_request completed in 2.245s
2025-09-24 05:28:24,051 - INFO - Contract 222697477 contains no blueprints, skipping
2025-09-24 05:28:24,107 - INFO - WordPress GET successful: /wp/v2/eve_contract?slug=contract-222641993 in 2.30s
2025-09-24 05:28:24,107 - INFO - wp_request completed in 2.311s
2025-09-24 05:28:24,110 - INFO - Contract 222641993 contains no blueprints, skipping
2025-09-24 05:28:24,146 - INFO - WordPress GET successful: /wp/v2/eve_contract?slug=contract-222697571 in 2.34s
2025-09-24 05:28:24,146 - INFO - wp_request completed in 2.342s
2025-09-24 05:28:24,150 - INFO - Contract 222697571 contains no blueprints, skipping
2025-09-24 05:28:24,155 - INFO - WordPress GET successful: /wp/v2/eve_contract?slug=contract-222697508 in 2.35s
2025-09-24 05:28:24,155 - INFO - WordPress GET successful: /wp/v2/eve_contract?slug=contract-222642413 in 2.35s
2025-09-24 05:28:24,155 - INFO - wp_request completed in 2.352s
2025-09-24 05:28:24,158 - INFO - Contract 222697508 contains no blueprints, skipping
2025-09-24 05:28:24,159 - INFO - wp_request completed in 2.357s
2025-09-24 05:28:24,160 - INFO - Contract 222642413 contains no blueprints, skipping
2025-09-24 05:28:24,239 - INFO - WordPress GET successful: /wp/v2/eve_contract?slug=contract-222697538 in 2.43s
2025-09-24 05:28:24,239 - INFO - wp_request completed in 2.435s
2025-09-24 05:28:24,241 - INFO - Contract 222697538 contains no blueprints, skipping
2025-09-24 05:28:24,242 - INFO - WordPress GET successful: /wp/v2/eve_contract?slug=contract-222642037 in 2.44s
2025-09-24 05:28:24,242 - INFO - WordPress GET successful: /wp/v2/eve_contract?slug=contract-222642077 in 2.44s
2025-09-24 05:28:24,242 - INFO - wp_request completed in 2.445s
2025-09-24 05:28:24,244 - INFO - Contract 222642037 contains no blueprints, skipping
2025-09-24 05:28:24,244 - INFO - wp_request completed in 2.446s
2025-09-24 05:28:24,245 - INFO - Contract 222642077 contains no blueprints, skipping
2025-09-24 05:28:24,246 - INFO - WordPress GET successful: /wp/v2/eve_contract?slug=contract-222642285 in 2.44s
2025-09-24 05:28:24,247 - INFO - wp_request completed in 2.446s
2025-09-24 05:28:24,248 - INFO - Contract 222642285 contains no blueprints, skipping
2025-09-24 05:28:24,249 - INFO - WordPress GET successful: /wp/v2/eve_contract?slug=contract-222642381 in 2.44s
2025-09-24 05:28:24,249 - INFO - wp_request completed in 2.448s
2025-09-24 05:28:24,250 - INFO - Contract 222642381 contains no blueprints, skipping
2025-09-24 05:28:24,257 - INFO - WordPress GET successful: /wp/v2/eve_contract?slug=contract-222641961 in 2.45s
2025-09-24 05:28:24,258 - INFO - WordPress GET successful: /wp/v2/eve_contract?slug=contract-222641948 in 2.45s
2025-09-24 05:28:24,258 - INFO - wp_request completed in 2.463s
2025-09-24 05:28:24,260 - INFO - Contract 222641961 contains no blueprints, skipping
2025-09-24 05:28:24,260 - INFO - wp_request completed in 2.465s
2025-09-24 05:28:24,261 - INFO - Contract 222641948 contains no blueprints, skipping
2025-09-24 05:28:24,263 - INFO - WordPress GET successful: /wp/v2/eve_contract?slug=contract-222642107 in 2.46s
2025-09-24 05:28:24,263 - INFO - wp_request completed in 2.464s
2025-09-24 05:28:24,265 - INFO - Contract 222642107 contains no blueprints, skipping
2025-09-24 05:28:24,353 - INFO - WordPress GET successful: /wp/v2/eve_contract?slug=contract-222697423 in 2.55s
2025-09-24 05:28:24,354 - INFO - WordPress GET successful: /wp/v2/eve_contract?slug=contract-222641837 in 2.55s
2025-09-24 05:28:24,354 - INFO - wp_request completed in 2.552s
2025-09-24 05:28:24,356 - INFO - Contract 222697423 contains no blueprints, skipping
2025-09-24 05:28:24,357 - INFO - wp_request completed in 2.564s
2025-09-24 05:28:24,358 - INFO - Contract 222641837 contains no blueprints, skipping
2025-09-24 05:28:24,359 - INFO - WordPress GET successful: /wp/v2/eve_contract?slug=contract-222642153 in 2.55s
2025-09-24 05:28:24,359 - INFO - WordPress GET successful: /wp/v2/eve_contract?slug=contract-222642390 in 2.55s
2025-09-24 05:28:24,359 - INFO - WordPress GET successful: /wp/v2/eve_contract?slug=contract-222697456 in 2.55s
2025-09-24 05:28:24,360 - INFO - wp_request completed in 2.560s
2025-09-24 05:28:24,361 - INFO - Contract 222642153 contains no blueprints, skipping
2025-09-24 05:28:24,361 - INFO - wp_request completed in 2.560s
2025-09-24 05:28:24,362 - INFO - Contract 222642390 contains no blueprints, skipping
2025-09-24 05:28:24,363 - INFO - wp_request completed in 2.560s
2025-09-24 05:28:24,365 - INFO - Contract 222697456 contains no blueprints, skipping
2025-09-24 05:28:24,366 - INFO - WordPress GET successful: /wp/v2/eve_contract?slug=contract-222641822 in 2.56s
2025-09-24 05:28:24,366 - INFO - WordPress GET successful: /wp/v2/eve_contract?slug=contract-222642089 in 2.56s
2025-09-24 05:28:24,366 - INFO - wp_request completed in 2.575s
2025-09-24 05:28:24,368 - INFO - Contract 222641822 contains no blueprints, skipping
2025-09-24 05:28:24,368 - INFO - wp_request completed in 2.570s
2025-09-24 05:28:24,369 - INFO - Contract 222642089 contains no blueprints, skipping
2025-09-24 05:28:24,370 - INFO - WordPress GET successful: /wp/v2/eve_contract?slug=contract-222642246 in 2.56s
2025-09-24 05:28:24,370 - INFO - WordPress GET successful: /wp/v2/eve_contract?slug=contract-222641864 in 2.56s
2025-09-24 05:28:24,370 - INFO - wp_request completed in 2.570s
2025-09-24 05:28:24,372 - INFO - Contract 222642246 contains no blueprints, skipping
2025-09-24 05:28:24,372 - INFO - wp_request completed in 2.580s
2025-09-24 05:28:24,374 - INFO - Contract 222641864 contains no blueprints, skipping
2025-09-24 05:28:24,440 - INFO - WordPress GET successful: /wp/v2/eve_contract?slug=contract-222697552 in 2.63s
2025-09-24 05:28:24,440 - INFO - wp_request completed in 2.636s
2025-09-24 05:28:24,443 - INFO - Contract 222697552 contains no blueprints, skipping
2025-09-24 05:28:24,444 - INFO - WordPress GET successful: /wp/v2/eve_contract?slug=contract-222642299 in 2.64s
2025-09-24 05:28:24,445 - INFO - wp_request completed in 2.644s
2025-09-24 05:28:24,446 - INFO - Contract 222642299 contains no blueprints, skipping
2025-09-24 05:28:24,452 - INFO - WordPress GET successful: /wp/v2/eve_contract?slug=contract-222641828 in 2.65s
2025-09-24 05:28:24,452 - INFO - wp_request completed in 2.660s
2025-09-24 05:28:24,454 - INFO - Contract 222641828 contains no blueprints, skipping
2025-09-24 05:28:24,456 - INFO - WordPress GET successful: /wp/v2/eve_contract?slug=contract-222641973 in 2.65s
2025-09-24 05:28:24,456 - INFO - wp_request completed in 2.661s
2025-09-24 05:28:24,458 - INFO - Contract 222641973 contains no blueprints, skipping
2025-09-24 05:28:24,548 - INFO - WordPress GET successful: /wp/v2/eve_contract?slug=contract-222642169 in 2.74s
2025-09-24 05:28:24,549 - INFO - WordPress GET successful: /wp/v2/eve_contract?slug=contract-222641983 in 2.74s
2025-09-24 05:28:24,549 - INFO - WordPress GET successful: /wp/v2/eve_contract?slug=contract-222642061 in 2.74s
2025-09-24 05:28:24,549 - INFO - wp_request completed in 2.749s
2025-09-24 05:28:24,551 - INFO - Contract 222642169 contains no blueprints, skipping
2025-09-24 05:28:24,551 - INFO - wp_request completed in 2.755s
2025-09-24 05:28:24,553 - INFO - Contract 222641983 contains no blueprints, skipping
2025-09-24 05:28:24,553 - INFO - wp_request completed in 2.755s
2025-09-24 05:28:24,555 - INFO - Contract 222642061 contains no blueprints, skipping
2025-09-24 05:28:24,558 - INFO - WordPress GET successful: /wp/v2/eve_contract?slug=contract-222641925 in 2.75s
2025-09-24 05:28:24,558 - INFO - wp_request completed in 2.764s
2025-09-24 05:28:24,560 - INFO - Contract 222641925 contains no blueprints, skipping
2025-09-24 05:28:24,561 - INFO - WordPress GET successful: /wp/v2/eve_contract?slug=contract-222642026 in 2.76s
2025-09-24 05:28:24,561 - INFO - wp_request completed in 2.764s
2025-09-24 05:28:24,563 - INFO - Contract 222642026 contains no blueprints, skipping
2025-09-24 05:28:24,563 - INFO - WordPress GET successful: /wp/v2/eve_contract?slug=contract-222642004 in 2.76s
2025-09-24 05:28:24,564 - INFO - WordPress GET successful: /wp/v2/eve_contract?slug=contract-222642133 in 2.76s
2025-09-24 05:28:24,564 - INFO - wp_request completed in 2.767s
2025-09-24 05:28:24,565 - INFO - Contract 222642004 contains no blueprints, skipping
2025-09-24 05:28:24,565 - INFO - wp_request completed in 2.766s
2025-09-24 05:28:24,567 - INFO - Contract 222642133 contains no blueprints, skipping
2025-09-24 05:28:24,571 - INFO - WordPress GET successful: /wp/v2/eve_contract?slug=contract-222641882 in 2.77s
2025-09-24 05:28:24,571 - INFO - WordPress GET successful: /wp/v2/eve_contract?slug=contract-222642072 in 2.77s
2025-09-24 05:28:24,572 - INFO - wp_request completed in 2.779s
2025-09-24 05:28:24,574 - INFO - Contract 222641882 contains no blueprints, skipping
2025-09-24 05:28:24,574 - INFO - wp_request completed in 2.776s
2025-09-24 05:28:24,575 - INFO - Contract 222642072 contains no blueprints, skipping
2025-09-24 05:28:24,575 - INFO - WordPress GET successful: /wp/v2/eve_contract?slug=contract-222697575 in 2.77s
2025-09-24 05:28:24,576 - INFO - wp_request completed in 2.771s
2025-09-24 05:28:24,577 - INFO - Contract 222697575 contains no blueprints, skipping
2025-09-24 05:28:24,634 - INFO - WordPress GET successful: /wp/v2/eve_contract?slug=contract-222642013 in 2.83s
2025-09-24 05:28:24,634 - INFO - wp_request completed in 2.838s
2025-09-24 05:28:24,636 - INFO - Contract 222642013 contains no blueprints, skipping
2025-09-24 05:28:24,646 - INFO - WordPress GET successful: /wp/v2/eve_contract?slug=contract-222641914 in 2.84s
2025-09-24 05:28:24,646 - INFO - WordPress GET successful: /wp/v2/eve_contract?slug=contract-222642020 in 2.84s
2025-09-24 05:28:24,646 - INFO - wp_request completed in 2.853s
2025-09-24 05:28:24,648 - INFO - Contract 222641914 contains no blueprints, skipping
2025-09-24 05:28:24,648 - INFO - wp_request completed in 2.852s
2025-09-24 05:28:24,650 - INFO - Contract 222642020 contains no blueprints, skipping
2025-09-24 05:28:24,651 - INFO - WordPress GET successful: /wp/v2/eve_contract?slug=contract-222641849 in 2.85s
2025-09-24 05:28:24,651 - INFO - WordPress GET successful: /wp/v2/eve_contract?slug=contract-222641814 in 2.85s
2025-09-24 05:28:24,651 - INFO - wp_request completed in 2.859s
2025-09-24 05:28:24,653 - INFO - Contract 222641849 contains no blueprints, skipping
2025-09-24 05:28:24,653 - INFO - wp_request completed in 2.862s
2025-09-24 05:28:24,654 - INFO - Contract 222641814 contains no blueprints, skipping
2025-09-24 05:28:24,656 - INFO - WordPress GET successful: /wp/v2/eve_contract?slug=contract-222641803 in 2.85s
2025-09-24 05:28:24,656 - INFO - WordPress GET successful: /wp/v2/eve_contract?slug=contract-222641937 in 2.85s
2025-09-24 05:28:24,657 - INFO - wp_request completed in 2.866s
2025-09-24 05:28:24,658 - INFO - Contract 222641803 contains no blueprints, skipping
2025-09-24 05:28:24,658 - INFO - wp_request completed in 2.864s
2025-09-24 05:28:24,660 - INFO - Contract 222641937 contains no blueprints, skipping
2025-09-24 05:28:24,669 - INFO - WordPress GET successful: /wp/v2/eve_contract?slug=contract-222641897 in 2.86s
2025-09-24 05:28:24,669 - INFO - wp_request completed in 2.876s
2025-09-24 05:28:24,671 - INFO - Contract 222641897 contains no blueprints, skipping
2025-09-24 05:28:24,671 - INFO - Completed concurrent updates for 46 contracts
2025-09-24 05:28:24,675 - INFO - Processing character: Orev Khazar (ID: 90522765)
2025-09-24 05:28:24,675 - INFO - Starting contract processing for Orev Khazar
2025-09-24 05:28:24,777 - INFO - ESI authenticated fetch successful: /characters/90522765/contracts/ in 0.10s
2025-09-24 05:28:24,777 - INFO - _fetch_esi_with_retry completed in 0.102s
2025-09-24 05:28:24,777 - INFO - Processing character: Sir FiLiN (ID: 90162477)
2025-09-24 05:28:24,777 - INFO - Starting contract processing for Sir FiLiN
2025-09-24 05:28:24,903 - INFO - ESI authenticated fetch successful: /characters/90162477/contracts/ in 0.13s
2025-09-24 05:28:24,903 - INFO - _fetch_esi_with_retry completed in 0.126s
2025-09-24 05:28:24,903 - INFO - Processing character: Filin Khan (ID: 95937458)
2025-09-24 05:28:24,903 - INFO - Starting contract processing for Filin Khan
2025-09-24 05:28:25,029 - INFO - ESI authenticated fetch successful: /characters/95937458/contracts/ in 0.13s
2025-09-24 05:28:25,030 - INFO - _fetch_esi_with_retry completed in 0.126s
2025-09-24 05:28:25,030 - INFO - Processing character: Corvin Khan (ID: 95985116)
2025-09-24 05:28:25,030 - INFO - Starting contract processing for Corvin Khan
2025-09-24 05:28:25,133 - INFO - ESI authenticated fetch successful: /characters/95985116/contracts/ in 0.10s
2025-09-24 05:28:25,134 - INFO - _fetch_esi_with_retry completed in 0.104s
2025-09-24 05:28:25,134 - INFO - Processing character: FiLiN Core (ID: 1316070855)
2025-09-24 05:28:25,134 - INFO - Starting contract processing for FiLiN Core
2025-09-24 05:28:25,425 - INFO - ESI authenticated fetch successful: /characters/1316070855/contracts/ in 0.29s
2025-09-24 05:28:25,426 - INFO - _fetch_esi_with_retry completed in 0.291s
2025-09-24 05:28:25,426 - INFO - Processing character: Raven Madyar (ID: 91594850)
2025-09-24 05:28:25,427 - INFO - Starting contract processing for Raven Madyar
2025-09-24 05:28:25,558 - INFO - ESI authenticated fetch successful: /characters/91594850/contracts/ in 0.13s
2025-09-24 05:28:25,559 - INFO - _fetch_esi_with_retry completed in 0.132s
2025-09-24 05:28:25,559 - INFO - Processing character: Vran Ruthen (ID: 90483242)
2025-09-24 05:28:25,559 - INFO - Starting contract processing for Vran Ruthen
2025-09-24 05:28:25,748 - INFO - ESI authenticated fetch successful: /characters/90483242/contracts/ in 0.19s
2025-09-24 05:28:25,748 - INFO - _fetch_esi_with_retry completed in 0.189s
2025-09-24 05:28:25,749 - INFO - Data processing completed in 10.39s
2025-09-24 05:28:25,749 - INFO - Total execution completed in 28.12s
2025-09-24 05:28:25,755 - INFO - Flushed all pending cache saves
2025-09-24 05:28:25,755 - INFO - Cache Performance - Hits: 0, Misses: 0, Hit Rate: 0.0%, Loads: 52, Saves: 0, Compressed Saves: 0, Batch Saves: 0, Expired Cleanups: 0
