2025-09-23 13:52:34,320 - INFO - EVENT: BLUEPRINT_CREATE | USER: 123 | DETAILS: {'item_id': 12345, 'post_id': 123}
2025-09-23 13:52:37,289 - INFO - EVENT: BLUEPRINT_CREATE | USER: 123 | DETAILS: {'item_id': 12345, 'post_id': 123}
2025-09-23 13:52:37,530 - INFO - EVENT: BLUEPRINT_CREATE | USER: 123 | DETAILS: {'item_id': 12345, 'post_id': 123}
2025-09-23 13:53:45,503 - INFO - EVENT: BLUEPRINT_CREATE | USER: 123 | DETAILS: {'item_id': 12345, 'post_id': 123}
2025-09-23 13:53:45,790 - INFO - EVENT: BLUEPRINT_CREATE | USER: 123 | DETAILS: {'item_id': 12345, 'post_id': 123}
2025-09-23 13:54:58,545 - INFO - EVENT: BLUEPRINT_CREATE | USER: 123 | DETAILS: {'item_id': 12345, 'post_id': 123}
2025-09-23 13:54:58,693 - INFO - EVENT: BLUEPRINT_CREATE | USER: 123 | DETAILS: {'item_id': 12345, 'post_id': 123}
2025-09-23 14:02:03,531 - INFO - EVENT: BLUEPRINT_CREATE | USER: 123 | DETAILS: {'item_id': 12345, 'post_id': 123}
2025-09-23 14:02:03,769 - INFO - EVENT: BLUEPRINT_CREATE | USER: 123 | DETAILS: {'item_id': 12345, 'post_id': 123}
2025-09-23 14:04:27,723 - INFO - EVENT: BLUEPRINT_CREATE | USER: 123 | DETAILS: {'item_id': 12345, 'post_id': 123}
2025-09-23 14:04:27,969 - INFO - EVENT: BLUEPRINT_CREATE | USER: 123 | DETAILS: {'item_id': 12345, 'post_id': 123}
2025-09-23 14:05:38,432 - INFO - EVENT: BLUEPRINT_CREATE | USER: 123 | DETAILS: {'item_id': 12345, 'post_id': 123}
2025-09-23 14:05:38,654 - INFO - EVENT: BLUEPRINT_CREATE | USER: 123 | DETAILS: {'item_id': 12345, 'post_id': 123}
2025-09-23 14:07:42,820 - INFO - EVENT: BLUEPRINT_CREATE | USER: 123 | DETAILS: {'item_id': 12345, 'post_id': 123}
2025-09-23 14:07:43,068 - INFO - EVENT: BLUEPRINT_CREATE | USER: 123 | DETAILS: {'item_id': 12345, 'post_id': 123}
2025-09-23 14:43:36,430 - INFO - EVENT: BLUEPRINT_CREATE | USER: 123 | DETAILS: {'item_id': 12345, 'post_id': 123}
2025-09-23 14:43:38,791 - INFO - EVENT: BLUEPRINT_CREATE | USER: 123 | DETAILS: {'item_id': 12345, 'post_id': 123}
2025-09-23 14:43:39,032 - INFO - EVENT: BLUEPRINT_CREATE | USER: 123 | DETAILS: {'item_id': 12345, 'post_id': 123}
2025-09-23 14:46:04,678 - INFO - EVENT: BLUEPRINT_CREATE | USER: 123 | DETAILS: {'item_id': 12345, 'post_id': 123}
2025-09-23 14:46:04,901 - INFO - EVENT: BLUEPRINT_CREATE | USER: 123 | DETAILS: {'item_id': 12345, 'post_id': 123}
2025-09-23 14:50:33,526 - INFO - EVENT: BLUEPRINT_CREATE | USER: 123 | DETAILS: {'item_id': 12345, 'post_id': 123}
2025-09-23 14:50:35,832 - INFO - EVENT: BLUEPRINT_CREATE | USER: 123 | DETAILS: {'item_id': 12345, 'post_id': 123}
2025-09-23 14:50:36,016 - INFO - EVENT: BLUEPRINT_CREATE | USER: 123 | DETAILS: {'item_id': 12345, 'post_id': 123}
2025-09-23 14:52:48,923 - INFO - EVENT: BLUEPRINT_CREATE | USER: 123 | DETAILS: {'item_id': 12345, 'post_id': 123}
2025-09-23 14:52:49,120 - INFO - EVENT: BLUEPRINT_CREATE | USER: 123 | DETAILS: {'item_id': 12345, 'post_id': 123}
2025-09-23 15:01:04,884 - INFO - EVENT: BLUEPRINT_CREATE | USER: 123 | DETAILS: {'item_id': 12345, 'post_id': 123}
2025-09-23 15:01:05,143 - INFO - EVENT: BLUEPRINT_CREATE | USER: 123 | DETAILS: {'item_id': 12345, 'post_id': 123}
2025-09-23 15:01:56,849 - INFO - EVENT: BLUEPRINT_CREATE | USER: 123 | DETAILS: {'item_id': 12345, 'post_id': 123}
2025-09-23 15:01:57,043 - INFO - EVENT: BLUEPRINT_CREATE | USER: 123 | DETAILS: {'item_id': 12345, 'post_id': 123}
2025-09-23 15:03:54,015 - INFO - EVENT: BLUEPRINT_CREATE | USER: 123 | DETAILS: {'item_id': 12345, 'post_id': 123}
2025-09-23 15:03:54,018 - INFO - EVENT: BLUEPRINT_CREATE | USER: 123 | DETAILS: {'item_id': 12345, 'post_id': 123}
2025-09-23 15:05:30,639 - INFO - EVENT: CHARACTER_CREATE | USER: 123 | DETAILS: {'name': 'Test Char 1', 'post_id': 3480}
2025-09-23 15:05:31,032 - INFO - EVENT: CHARACTER_CREATE | USER: 456 | DETAILS: {'name': 'Test Char 2', 'post_id': 3481}
2025-09-23 15:06:32,558 - INFO - EVENT: BLUEPRINT_CREATE | USER: 123 | DETAILS: {'item_id': 12345, 'post_id': 123}
2025-09-23 15:06:32,826 - INFO - EVENT: BLUEPRINT_CREATE | USER: 123 | DETAILS: {'item_id': 12345, 'post_id': 123}
2025-09-23 15:10:45,767 - INFO - EVENT: BLUEPRINT_CREATE | USER: 123 | DETAILS: {'item_id': 12345, 'post_id': 123}
2025-09-23 15:10:45,983 - INFO - EVENT: BLUEPRINT_CREATE | USER: 123 | DETAILS: {'item_id': 12345, 'post_id': 123}
2025-09-23 15:41:58,395 - INFO - EVENT: BLUEPRINT_CREATE | USER: 123 | DETAILS: {'item_id': 12345, 'post_id': 123}
2025-09-23 15:41:58,700 - INFO - EVENT: BLUEPRINT_CREATE | USER: 123 | DETAILS: {'item_id': 12345, 'post_id': 123}
2025-09-23 15:49:25,187 - INFO - EVENT: BLUEPRINT_CREATE | USER: 123 | DETAILS: {'item_id': 12345, 'post_id': 123}
2025-09-23 15:49:25,344 - INFO - EVENT: BLUEPRINT_CREATE | USER: 123 | DETAILS: {'item_id': 12345, 'post_id': 123}
2025-09-23 15:51:32,023 - INFO - EVENT: BLUEPRINT_CREATE | USER: 123 | DETAILS: {'item_id': 12345, 'post_id': 123}
2025-09-23 15:51:32,183 - INFO - EVENT: BLUEPRINT_CREATE | USER: 123 | DETAILS: {'item_id': 12345, 'post_id': 123}
2025-09-23 16:03:38,058 - INFO - EVENT: BLUEPRINT_CREATE | USER: 123 | DETAILS: {'item_id': 12345, 'post_id': 123}
2025-09-23 16:03:38,228 - INFO - EVENT: BLUEPRINT_CREATE | USER: 123 | DETAILS: {'item_id': 12345, 'post_id': 123}
2025-09-23 16:05:55,004 - INFO - EVENT: BLUEPRINT_CREATE | USER: 123 | DETAILS: {'item_id': 12345, 'post_id': 123}
2025-09-23 16:05:55,163 - INFO - EVENT: BLUEPRINT_CREATE | USER: 123 | DETAILS: {'item_id': 12345, 'post_id': 123}
2025-09-23 16:14:23,793 - INFO - EVENT: BLUEPRINT_CREATE | USER: 123 | DETAILS: {'item_id': 12345, 'post_id': 123}
2025-09-23 16:14:23,963 - INFO - EVENT: BLUEPRINT_CREATE | USER: 123 | DETAILS: {'item_id': 12345, 'post_id': 123}
2025-09-23 16:21:46,274 - INFO - EVENT: BLUEPRINT_CREATE | USER: 123 | DETAILS: {'item_id': 12345, 'post_id': 123}
2025-09-23 16:21:46,444 - INFO - EVENT: BLUEPRINT_CREATE | USER: 123 | DETAILS: {'item_id': 12345, 'post_id': 123}
2025-09-23 16:25:01,207 - INFO - EVENT: BLUEPRINT_CREATE | USER: 123 | DETAILS: {'item_id': 12345, 'post_id': 123}
2025-09-23 16:25:01,417 - INFO - EVENT: BLUEPRINT_CREATE | USER: 123 | DETAILS: {'item_id': 12345, 'post_id': 123}
2025-09-23 16:28:31,430 - INFO - EVENT: BLUEPRINT_CREATE | USER: 123 | DETAILS: {'item_id': 12345, 'post_id': 123}
2025-09-23 16:28:31,641 - INFO - EVENT: BLUEPRINT_CREATE | USER: 123 | DETAILS: {'item_id': 12345, 'post_id': 123}
2025-09-23 17:37:17,669 - INFO - EVENT: BLUEPRINT_CREATE | USER: 123 | DETAILS: {'item_id': 12345, 'post_id': 123}
2025-09-23 17:37:17,831 - INFO - EVENT: BLUEPRINT_CREATE | USER: 123 | DETAILS: {'item_id': 12345, 'post_id': 123}
2025-09-23 17:40:18,248 - INFO - EVENT: BLUEPRINT_CREATE | USER: 123 | DETAILS: {'item_id': 12345, 'post_id': 123}
2025-09-23 17:40:18,442 - INFO - EVENT: BLUEPRINT_CREATE | USER: 123 | DETAILS: {'item_id': 12345, 'post_id': 123}
2025-09-23 17:41:45,577 - INFO - EVENT: BLUEPRINT_CREATE | USER: 123 | DETAILS: {'item_id': 12345, 'post_id': 123}
2025-09-23 17:41:45,735 - INFO - EVENT: BLUEPRINT_CREATE | USER: 123 | DETAILS: {'item_id': 12345, 'post_id': 123}
2025-09-23 17:54:07,837 - INFO - EVENT: BLUEPRINT_CREATE | USER: 123 | DETAILS: {'item_id': 12345, 'post_id': 123}
2025-09-23 17:54:07,943 - INFO - EVENT: BLUEPRINT_CREATE | USER: 123 | DETAILS: {'item_id': 12345, 'post_id': 123}
2025-09-23 18:19:50,990 - INFO - EVENT: BLUEPRINT_UPDATE | USER: 123 | DETAILS: {'item_id': 12345, 'post_id': 3482}
2025-09-23 18:20:21,477 - INFO - EVENT: BLUEPRINT_CREATE | USER: 123 | DETAILS: {'item_id': 12345, 'post_id': 123}
2025-09-23 18:20:31,081 - INFO - EVENT: BLUEPRINT_CREATE | USER: 123 | DETAILS: {'item_id': 12345, 'post_id': 123}
2025-09-23 18:20:42,139 - INFO - EVENT: BLUEPRINT_CREATE | USER: 123 | DETAILS: {'item_id': 12345, 'post_id': 123}
2025-09-23 18:21:04,028 - INFO - EVENT: BLUEPRINT_CREATE | USER: 123 | DETAILS: {'item_id': 12345, 'post_id': 123}
2025-09-23 18:21:11,344 - INFO - EVENT: BLUEPRINT_CREATE | USER: 123 | DETAILS: {'item_id': 12345, 'post_id': 123}
2025-09-23 18:21:18,645 - INFO - EVENT: BLUEPRINT_CREATE | USER: 123 | DETAILS: {'item_id': 12345, 'post_id': 123}
2025-09-23 18:21:20,838 - INFO - EVENT: BLUEPRINT_CREATE | USER: 123 | DETAILS: {'item_id': 12345, 'post_id': 123}
2025-09-23 18:21:29,402 - INFO - EVENT: BLUEPRINT_UPDATE | USER: 123 | DETAILS: {'item_id': 12345, 'post_id': 3482}
2025-09-23 18:26:50,774 - INFO - EVENT: BLUEPRINT_CREATE | USER: 123 | DETAILS: {'item_id': 12345, 'post_id': 123}
2025-09-23 18:26:50,987 - INFO - EVENT: BLUEPRINT_CREATE | USER: 123 | DETAILS: {'item_id': 12345, 'post_id': 123}
2025-09-23 18:26:51,041 - INFO - EVENT: BLUEPRINT_CREATE | USER: 123 | DETAILS: {'item_id': 12345, 'post_id': 123}
2025-09-23 18:28:58,665 - INFO - EVENT: BLUEPRINT_CREATE | USER: 123 | DETAILS: {'item_id': 12345, 'post_id': 123}
2025-09-23 18:28:58,839 - INFO - EVENT: BLUEPRINT_CREATE | USER: 123 | DETAILS: {'item_id': 12345, 'post_id': 123}
2025-09-23 18:28:58,882 - INFO - EVENT: BLUEPRINT_CREATE | USER: 123 | DETAILS: {'item_id': 12345, 'post_id': 123}
2025-09-23 18:29:29,974 - INFO - EVENT: BLUEPRINT_CREATE | USER: 123 | DETAILS: {'item_id': 12345, 'post_id': 123}
2025-09-23 18:29:30,282 - INFO - EVENT: BLUEPRINT_CREATE | USER: 123 | DETAILS: {'item_id': 12345, 'post_id': 123}
2025-09-23 18:29:30,330 - INFO - EVENT: BLUEPRINT_CREATE | USER: 123 | DETAILS: {'item_id': 12345, 'post_id': 123}
2025-09-23 18:29:30,449 - INFO - EVENT: BLUEPRINT_UPDATE | USER: 123 | DETAILS: {'item_id': 12345, 'post_id': <MagicMock name='wp_request().__getitem__().__getitem__()' id='4409908336'>}
2025-09-23 18:29:58,734 - INFO - EVENT: BLUEPRINT_CREATE | USER: 123 | DETAILS: {'item_id': 12345, 'post_id': 123}
2025-09-23 18:29:58,977 - INFO - EVENT: BLUEPRINT_CREATE | USER: 123 | DETAILS: {'item_id': 12345, 'post_id': 123}
2025-09-23 18:29:59,022 - INFO - EVENT: BLUEPRINT_CREATE | USER: 123 | DETAILS: {'item_id': 12345, 'post_id': 123}
2025-09-23 18:33:22,598 - INFO - EVENT: BLUEPRINT_CREATE | USER: 123 | DETAILS: {'item_id': 12345, 'post_id': 123}
2025-09-23 18:33:22,771 - INFO - EVENT: BLUEPRINT_CREATE | USER: 123 | DETAILS: {'item_id': 12345, 'post_id': 123}
2025-09-23 18:33:22,818 - INFO - EVENT: BLUEPRINT_CREATE | USER: 123 | DETAILS: {'item_id': 12345, 'post_id': 123}
2025-09-23 18:34:15,515 - INFO - EVENT: BLUEPRINT_CREATE | USER: 123 | DETAILS: {'item_id': 12345, 'post_id': 123}
2025-09-23 18:34:15,679 - INFO - EVENT: BLUEPRINT_CREATE | USER: 123 | DETAILS: {'item_id': 12345, 'post_id': 123}
2025-09-23 18:34:15,716 - INFO - EVENT: BLUEPRINT_CREATE | USER: 123 | DETAILS: {'item_id': 12345, 'post_id': 123}
2025-09-23 18:34:27,246 - INFO - EVENT: BLUEPRINT_CREATE | USER: 123 | DETAILS: {'item_id': 12345, 'post_id': 123}
2025-09-23 18:34:27,435 - INFO - EVENT: BLUEPRINT_CREATE | USER: 123 | DETAILS: {'item_id': 12345, 'post_id': 123}
2025-09-23 18:34:27,462 - INFO - EVENT: BLUEPRINT_CREATE | USER: 123 | DETAILS: {'item_id': 12345, 'post_id': 123}
2025-09-23 18:34:44,190 - INFO - EVENT: BLUEPRINT_CREATE | USER: 123 | DETAILS: {'item_id': 12345, 'post_id': 123}
2025-09-23 18:34:44,361 - INFO - EVENT: BLUEPRINT_CREATE | USER: 123 | DETAILS: {'item_id': 12345, 'post_id': 123}
2025-09-23 18:34:44,406 - INFO - EVENT: BLUEPRINT_CREATE | USER: 123 | DETAILS: {'item_id': 12345, 'post_id': 123}
2025-09-23 18:34:53,632 - INFO - EVENT: BLUEPRINT_CREATE | USER: 123 | DETAILS: {'item_id': 12345, 'post_id': 123}
2025-09-23 18:34:53,696 - INFO - EVENT: BLUEPRINT_CREATE | USER: 123 | DETAILS: {'item_id': 12345, 'post_id': 123}
2025-09-23 18:34:53,727 - INFO - EVENT: BLUEPRINT_CREATE | USER: 123 | DETAILS: {'item_id': 12345, 'post_id': 123}
2025-09-23 18:35:34,653 - INFO - EVENT: BLUEPRINT_CREATE | USER: 123 | DETAILS: {'item_id': 12345, 'post_id': 123}
2025-09-23 18:35:34,807 - INFO - EVENT: BLUEPRINT_CREATE | USER: 123 | DETAILS: {'item_id': 12345, 'post_id': 123}
2025-09-23 18:35:34,843 - INFO - EVENT: BLUEPRINT_CREATE | USER: 123 | DETAILS: {'item_id': 12345, 'post_id': 123}
2025-09-23 18:37:10,082 - INFO - EVENT: BLUEPRINT_CREATE | USER: 123 | DETAILS: {'item_id': 12345, 'post_id': 123}
2025-09-23 18:37:10,261 - INFO - EVENT: BLUEPRINT_CREATE | USER: 123 | DETAILS: {'item_id': 12345, 'post_id': 123}
2025-09-23 18:37:10,299 - INFO - EVENT: BLUEPRINT_CREATE | USER: 123 | DETAILS: {'item_id': 12345, 'post_id': 123}
2025-09-23 18:38:46,432 - INFO - EVENT: BLUEPRINT_CREATE | USER: 123 | DETAILS: {'item_id': 12345, 'post_id': 123}
2025-09-23 18:38:46,601 - INFO - EVENT: BLUEPRINT_CREATE | USER: 123 | DETAILS: {'item_id': 12345, 'post_id': 123}
2025-09-23 18:38:46,630 - INFO - EVENT: BLUEPRINT_CREATE | USER: 123 | DETAILS: {'item_id': 12345, 'post_id': 123}
2025-09-23 18:53:55,042 - INFO - EVENT: BLUEPRINT_CREATE | USER: 123 | DETAILS: {'item_id': 12345, 'post_id': 123}
2025-09-23 18:53:55,262 - INFO - EVENT: BLUEPRINT_CREATE | USER: 123 | DETAILS: {'item_id': 12345, 'post_id': 123}
2025-09-23 18:53:55,295 - INFO - EVENT: BLUEPRINT_CREATE | USER: 123 | DETAILS: {'item_id': 12345, 'post_id': 123}
2025-09-23 18:55:36,509 - INFO - EVENT: BLUEPRINT_CREATE | USER: 123 | DETAILS: {'item_id': 12345, 'post_id': 123}
2025-09-23 18:55:36,781 - INFO - EVENT: BLUEPRINT_CREATE | USER: 123 | DETAILS: {'item_id': 12345, 'post_id': 123}
2025-09-23 18:55:36,823 - INFO - EVENT: BLUEPRINT_CREATE | USER: 123 | DETAILS: {'item_id': 12345, 'post_id': 123}
2025-09-23 18:57:11,447 - INFO - EVENT: BLUEPRINT_CREATE | USER: 123 | DETAILS: {'item_id': 12345, 'post_id': 123}
2025-09-23 18:57:11,691 - INFO - EVENT: BLUEPRINT_CREATE | USER: 123 | DETAILS: {'item_id': 12345, 'post_id': 123}
2025-09-23 18:57:11,732 - INFO - EVENT: BLUEPRINT_CREATE | USER: 123 | DETAILS: {'item_id': 12345, 'post_id': 123}
2025-09-23 19:45:24,900 - INFO - EVENT: BLUEPRINT_CREATE | USER: 123 | DETAILS: {'item_id': 12345, 'post_id': 123}
2025-09-23 19:45:25,077 - INFO - EVENT: BLUEPRINT_CREATE | USER: 123 | DETAILS: {'item_id': 12345, 'post_id': 123}
2025-09-23 19:45:25,116 - INFO - EVENT: BLUEPRINT_CREATE | USER: 123 | DETAILS: {'item_id': 12345, 'post_id': 123}
2025-09-23 20:00:40,889 - INFO - EVENT: BLUEPRINT_CREATE | USER: 123 | DETAILS: {'item_id': 12345, 'post_id': 123}
2025-09-23 20:00:41,170 - INFO - EVENT: BLUEPRINT_CREATE | USER: 123 | DETAILS: {'item_id': 12345, 'post_id': 123}
2025-09-23 20:00:41,200 - INFO - EVENT: BLUEPRINT_CREATE | USER: 123 | DETAILS: {'item_id': 12345, 'post_id': 123}
2025-09-23 20:11:35,231 - INFO - EVENT: TOKEN_REFRESH_SUCCESS | USER: system | DETAILS: {'client_id': '8b221bf2...'}
2025-09-23 20:11:36,058 - INFO - EVENT: CHARACTER_UPDATE | USER: 90020513 | DETAILS: {'name': 'Mr FiLiN', 'post_id': 56}
2025-09-23 20:11:36,157 - INFO - EVENT: TOKEN_REFRESH_SUCCESS | USER: system | DETAILS: {'client_id': '8b221bf2...'}
2025-09-23 20:11:36,465 - INFO - EVENT: CHARACTER_UPDATE | USER: 90045731 | DETAILS: {'name': 'Dr FiLiN', 'post_id': 85}
2025-09-23 20:11:36,605 - INFO - EVENT: TOKEN_REFRESH_SUCCESS | USER: system | DETAILS: {'client_id': '8b221bf2...'}
2025-09-23 20:11:36,910 - INFO - EVENT: CHARACTER_UPDATE | USER: 90522765 | DETAILS: {'name': 'Orev Khazar', 'post_id': 86}
2025-09-23 20:11:37,024 - INFO - EVENT: TOKEN_REFRESH_SUCCESS | USER: system | DETAILS: {'client_id': '8b221bf2...'}
2025-09-23 20:11:37,434 - INFO - EVENT: CHARACTER_UPDATE | USER: 90162477 | DETAILS: {'name': 'Sir FiLiN', 'post_id': 87}
2025-09-23 20:11:37,542 - INFO - EVENT: TOKEN_REFRESH_SUCCESS | USER: system | DETAILS: {'client_id': '8b221bf2...'}
2025-09-23 20:11:37,840 - INFO - EVENT: CHARACTER_UPDATE | USER: 95937458 | DETAILS: {'name': 'Filin Khan', 'post_id': 88}
2025-09-23 20:11:38,030 - INFO - EVENT: TOKEN_REFRESH_SUCCESS | USER: system | DETAILS: {'client_id': '8b221bf2...'}
2025-09-23 20:11:38,375 - INFO - EVENT: CHARACTER_UPDATE | USER: 95985116 | DETAILS: {'name': 'Corvin Khan', 'post_id': 89}
2025-09-23 20:11:38,572 - INFO - EVENT: TOKEN_REFRESH_SUCCESS | USER: system | DETAILS: {'client_id': '8b221bf2...'}
2025-09-23 20:11:38,853 - INFO - EVENT: CHARACTER_UPDATE | USER: 1316070855 | DETAILS: {'name': 'FiLiN Core', 'post_id': 91}
2025-09-23 20:11:39,009 - INFO - EVENT: TOKEN_REFRESH_SUCCESS | USER: system | DETAILS: {'client_id': '8b221bf2...'}
2025-09-23 20:11:39,289 - INFO - EVENT: CHARACTER_UPDATE | USER: 91594850 | DETAILS: {'name': 'Raven Madyar', 'post_id': 92}
2025-09-23 20:11:39,402 - INFO - EVENT: TOKEN_REFRESH_SUCCESS | USER: system | DETAILS: {'client_id': '8b221bf2...'}
2025-09-23 20:11:39,796 - INFO - EVENT: CHARACTER_UPDATE | USER: 90483242 | DETAILS: {'name': 'Vran Ruthen', 'post_id': 93}
2025-09-23 20:13:14,013 - INFO - EVENT: BLUEPRINT_CREATE | USER: 123 | DETAILS: {'item_id': 12345, 'post_id': 123}
2025-09-23 20:13:14,215 - INFO - EVENT: BLUEPRINT_CREATE | USER: 123 | DETAILS: {'item_id': 12345, 'post_id': 123}
2025-09-23 20:13:14,261 - INFO - EVENT: BLUEPRINT_CREATE | USER: 123 | DETAILS: {'item_id': 12345, 'post_id': 123}
2025-09-23 20:14:30,675 - INFO - EVENT: BLUEPRINT_CREATE | USER: 123 | DETAILS: {'item_id': 12345, 'post_id': 123}
2025-09-23 20:14:30,883 - INFO - EVENT: BLUEPRINT_CREATE | USER: 123 | DETAILS: {'item_id': 12345, 'post_id': 123}
2025-09-23 20:14:30,929 - INFO - EVENT: BLUEPRINT_CREATE | USER: 123 | DETAILS: {'item_id': 12345, 'post_id': 123}
2025-09-23 21:02:57,361 - INFO - EVENT: TOKEN_REFRESH_SUCCESS | USER: system | DETAILS: {'client_id': '8b221bf2...'}
2025-09-23 21:02:57,915 - INFO - EVENT: CHARACTER_UPDATE | USER: 90020513 | DETAILS: {'name': 'Mr FiLiN', 'post_id': 56}
2025-09-23 21:02:58,014 - INFO - EVENT: TOKEN_REFRESH_SUCCESS | USER: system | DETAILS: {'client_id': '8b221bf2...'}
2025-09-23 21:02:58,322 - INFO - EVENT: CHARACTER_UPDATE | USER: 90045731 | DETAILS: {'name': 'Dr FiLiN', 'post_id': 85}
2025-09-23 21:02:58,434 - INFO - EVENT: TOKEN_REFRESH_SUCCESS | USER: system | DETAILS: {'client_id': '8b221bf2...'}
2025-09-23 21:02:58,807 - INFO - EVENT: CHARACTER_UPDATE | USER: 90522765 | DETAILS: {'name': 'Orev Khazar', 'post_id': 86}
2025-09-23 21:02:58,917 - INFO - EVENT: TOKEN_REFRESH_SUCCESS | USER: system | DETAILS: {'client_id': '8b221bf2...'}
2025-09-23 21:02:59,186 - INFO - EVENT: CHARACTER_UPDATE | USER: 90162477 | DETAILS: {'name': 'Sir FiLiN', 'post_id': 87}
2025-09-23 21:02:59,329 - INFO - EVENT: TOKEN_REFRESH_SUCCESS | USER: system | DETAILS: {'client_id': '8b221bf2...'}
2025-09-23 21:02:59,639 - INFO - EVENT: CHARACTER_UPDATE | USER: 95937458 | DETAILS: {'name': 'Filin Khan', 'post_id': 88}
2025-09-23 21:02:59,736 - INFO - EVENT: TOKEN_REFRESH_SUCCESS | USER: system | DETAILS: {'client_id': '8b221bf2...'}
2025-09-23 21:03:00,072 - INFO - EVENT: CHARACTER_UPDATE | USER: 95985116 | DETAILS: {'name': 'Corvin Khan', 'post_id': 89}
2025-09-23 21:03:00,173 - INFO - EVENT: TOKEN_REFRESH_SUCCESS | USER: system | DETAILS: {'client_id': '8b221bf2...'}
2025-09-23 21:03:00,506 - INFO - EVENT: CHARACTER_UPDATE | USER: 1316070855 | DETAILS: {'name': 'FiLiN Core', 'post_id': 91}
2025-09-23 21:03:00,614 - INFO - EVENT: TOKEN_REFRESH_SUCCESS | USER: system | DETAILS: {'client_id': '8b221bf2...'}
2025-09-23 21:03:00,904 - INFO - EVENT: CHARACTER_UPDATE | USER: 91594850 | DETAILS: {'name': 'Raven Madyar', 'post_id': 92}
2025-09-23 21:03:01,091 - INFO - EVENT: TOKEN_REFRESH_SUCCESS | USER: system | DETAILS: {'client_id': '8b221bf2...'}
2025-09-23 21:03:01,327 - INFO - EVENT: CHARACTER_UPDATE | USER: 90483242 | DETAILS: {'name': 'Vran Ruthen', 'post_id': 93}
2025-09-23 21:03:35,081 - INFO - EVENT: CHARACTER_UPDATE | USER: 90020513 | DETAILS: {'name': 'Mr FiLiN', 'post_id': 56}
2025-09-23 21:03:35,313 - INFO - EVENT: CHARACTER_UPDATE | USER: 90045731 | DETAILS: {'name': 'Dr FiLiN', 'post_id': 85}
2025-09-23 21:03:35,701 - INFO - EVENT: CHARACTER_UPDATE | USER: 90522765 | DETAILS: {'name': 'Orev Khazar', 'post_id': 86}
2025-09-23 21:03:36,029 - INFO - EVENT: CHARACTER_UPDATE | USER: 90162477 | DETAILS: {'name': 'Sir FiLiN', 'post_id': 87}
2025-09-23 21:03:36,257 - INFO - EVENT: CHARACTER_UPDATE | USER: 95937458 | DETAILS: {'name': 'Filin Khan', 'post_id': 88}
2025-09-23 21:03:36,556 - INFO - EVENT: CHARACTER_UPDATE | USER: 95985116 | DETAILS: {'name': 'Corvin Khan', 'post_id': 89}
2025-09-23 21:03:36,968 - INFO - EVENT: CHARACTER_UPDATE | USER: 1316070855 | DETAILS: {'name': 'FiLiN Core', 'post_id': 91}
2025-09-23 21:03:37,741 - INFO - EVENT: CHARACTER_UPDATE | USER: 91594850 | DETAILS: {'name': 'Raven Madyar', 'post_id': 92}
2025-09-23 21:03:37,970 - INFO - EVENT: CHARACTER_UPDATE | USER: 90483242 | DETAILS: {'name': 'Vran Ruthen', 'post_id': 93}
2025-09-23 21:04:09,448 - INFO - EVENT: CHARACTER_UPDATE | USER: 90020513 | DETAILS: {'name': 'Mr FiLiN', 'post_id': 56}
2025-09-23 21:04:09,715 - INFO - EVENT: CHARACTER_UPDATE | USER: 90045731 | DETAILS: {'name': 'Dr FiLiN', 'post_id': 85}
2025-09-23 21:04:09,990 - INFO - EVENT: CHARACTER_UPDATE | USER: 90522765 | DETAILS: {'name': 'Orev Khazar', 'post_id': 86}
2025-09-23 21:04:10,307 - INFO - EVENT: CHARACTER_UPDATE | USER: 90162477 | DETAILS: {'name': 'Sir FiLiN', 'post_id': 87}
2025-09-23 21:04:10,728 - INFO - EVENT: CHARACTER_UPDATE | USER: 95937458 | DETAILS: {'name': 'Filin Khan', 'post_id': 88}
2025-09-23 21:04:10,997 - INFO - EVENT: CHARACTER_UPDATE | USER: 95985116 | DETAILS: {'name': 'Corvin Khan', 'post_id': 89}
2025-09-23 21:04:11,288 - INFO - EVENT: CHARACTER_UPDATE | USER: 1316070855 | DETAILS: {'name': 'FiLiN Core', 'post_id': 91}
2025-09-23 21:04:11,538 - INFO - EVENT: CHARACTER_UPDATE | USER: 91594850 | DETAILS: {'name': 'Raven Madyar', 'post_id': 92}
2025-09-23 21:04:11,841 - INFO - EVENT: CHARACTER_UPDATE | USER: 90483242 | DETAILS: {'name': 'Vran Ruthen', 'post_id': 93}
2025-09-23 21:04:30,916 - INFO - EVENT: CHARACTER_UPDATE | USER: 90020513 | DETAILS: {'name': 'Mr FiLiN', 'post_id': 56}
2025-09-23 21:04:31,216 - INFO - EVENT: CHARACTER_UPDATE | USER: 90045731 | DETAILS: {'name': 'Dr FiLiN', 'post_id': 85}
2025-09-23 21:04:31,610 - INFO - EVENT: CHARACTER_UPDATE | USER: 90522765 | DETAILS: {'name': 'Orev Khazar', 'post_id': 86}
2025-09-23 21:04:31,852 - INFO - EVENT: CHARACTER_UPDATE | USER: 90162477 | DETAILS: {'name': 'Sir FiLiN', 'post_id': 87}
2025-09-23 21:04:32,132 - INFO - EVENT: CHARACTER_UPDATE | USER: 95937458 | DETAILS: {'name': 'Filin Khan', 'post_id': 88}
2025-09-23 21:04:32,389 - INFO - EVENT: CHARACTER_UPDATE | USER: 95985116 | DETAILS: {'name': 'Corvin Khan', 'post_id': 89}
2025-09-23 21:04:32,656 - INFO - EVENT: CHARACTER_UPDATE | USER: 1316070855 | DETAILS: {'name': 'FiLiN Core', 'post_id': 91}
2025-09-23 21:04:32,903 - INFO - EVENT: CHARACTER_UPDATE | USER: 91594850 | DETAILS: {'name': 'Raven Madyar', 'post_id': 92}
2025-09-23 21:04:33,272 - INFO - EVENT: CHARACTER_UPDATE | USER: 90483242 | DETAILS: {'name': 'Vran Ruthen', 'post_id': 93}
2025-09-23 21:05:00,445 - INFO - EVENT: CHARACTER_UPDATE | USER: 90020513 | DETAILS: {'name': 'Mr FiLiN', 'post_id': 56}
2025-09-23 21:05:00,692 - INFO - EVENT: CHARACTER_UPDATE | USER: 90045731 | DETAILS: {'name': 'Dr FiLiN', 'post_id': 85}
2025-09-23 21:05:00,968 - INFO - EVENT: CHARACTER_UPDATE | USER: 90522765 | DETAILS: {'name': 'Orev Khazar', 'post_id': 86}
2025-09-23 21:05:01,227 - INFO - EVENT: CHARACTER_UPDATE | USER: 90162477 | DETAILS: {'name': 'Sir FiLiN', 'post_id': 87}
2025-09-23 21:05:01,497 - INFO - EVENT: CHARACTER_UPDATE | USER: 95937458 | DETAILS: {'name': 'Filin Khan', 'post_id': 88}
2025-09-23 21:05:01,721 - INFO - EVENT: CHARACTER_UPDATE | USER: 95985116 | DETAILS: {'name': 'Corvin Khan', 'post_id': 89}
2025-09-23 21:05:02,019 - INFO - EVENT: CHARACTER_UPDATE | USER: 1316070855 | DETAILS: {'name': 'FiLiN Core', 'post_id': 91}
2025-09-23 21:05:02,269 - INFO - EVENT: CHARACTER_UPDATE | USER: 91594850 | DETAILS: {'name': 'Raven Madyar', 'post_id': 92}
2025-09-23 21:05:02,545 - INFO - EVENT: CHARACTER_UPDATE | USER: 90483242 | DETAILS: {'name': 'Vran Ruthen', 'post_id': 93}
2025-09-23 21:05:25,884 - INFO - EVENT: CHARACTER_UPDATE | USER: 90020513 | DETAILS: {'name': 'Mr FiLiN', 'post_id': 56}
2025-09-23 21:05:26,136 - INFO - EVENT: CHARACTER_UPDATE | USER: 90045731 | DETAILS: {'name': 'Dr FiLiN', 'post_id': 85}
2025-09-23 21:05:26,380 - INFO - EVENT: CHARACTER_UPDATE | USER: 90522765 | DETAILS: {'name': 'Orev Khazar', 'post_id': 86}
2025-09-23 21:05:26,661 - INFO - EVENT: CHARACTER_UPDATE | USER: 90162477 | DETAILS: {'name': 'Sir FiLiN', 'post_id': 87}
2025-09-23 21:05:26,871 - INFO - EVENT: CHARACTER_UPDATE | USER: 95937458 | DETAILS: {'name': 'Filin Khan', 'post_id': 88}
2025-09-23 21:05:27,079 - INFO - EVENT: CHARACTER_UPDATE | USER: 95985116 | DETAILS: {'name': 'Corvin Khan', 'post_id': 89}
2025-09-23 21:05:27,393 - INFO - EVENT: CHARACTER_UPDATE | USER: 1316070855 | DETAILS: {'name': 'FiLiN Core', 'post_id': 91}
2025-09-23 21:05:27,710 - INFO - EVENT: CHARACTER_UPDATE | USER: 91594850 | DETAILS: {'name': 'Raven Madyar', 'post_id': 92}
2025-09-23 21:05:27,947 - INFO - EVENT: CHARACTER_UPDATE | USER: 90483242 | DETAILS: {'name': 'Vran Ruthen', 'post_id': 93}
2025-09-23 21:17:56,778 - INFO - EVENT: CHARACTER_UPDATE | USER: 90020513 | DETAILS: {'name': 'Mr FiLiN', 'post_id': 56}
2025-09-23 21:17:57,119 - INFO - EVENT: CHARACTER_UPDATE | USER: 90045731 | DETAILS: {'name': 'Dr FiLiN', 'post_id': 85}
2025-09-23 21:17:57,413 - INFO - EVENT: CHARACTER_UPDATE | USER: 90522765 | DETAILS: {'name': 'Orev Khazar', 'post_id': 86}
2025-09-23 21:17:57,681 - INFO - EVENT: CHARACTER_UPDATE | USER: 90162477 | DETAILS: {'name': 'Sir FiLiN', 'post_id': 87}
2025-09-23 21:17:58,026 - INFO - EVENT: CHARACTER_UPDATE | USER: 95937458 | DETAILS: {'name': 'Filin Khan', 'post_id': 88}
2025-09-23 21:17:58,266 - INFO - EVENT: CHARACTER_UPDATE | USER: 95985116 | DETAILS: {'name': 'Corvin Khan', 'post_id': 89}
2025-09-23 21:17:58,573 - INFO - EVENT: CHARACTER_UPDATE | USER: 1316070855 | DETAILS: {'name': 'FiLiN Core', 'post_id': 91}
2025-09-23 21:17:58,817 - INFO - EVENT: CHARACTER_UPDATE | USER: 91594850 | DETAILS: {'name': 'Raven Madyar', 'post_id': 92}
2025-09-23 21:17:59,120 - INFO - EVENT: CHARACTER_UPDATE | USER: 90483242 | DETAILS: {'name': 'Vran Ruthen', 'post_id': 93}
2025-09-23 21:21:07,398 - INFO - EVENT: CHARACTER_UPDATE | USER: 90020513 | DETAILS: {'name': 'Mr FiLiN', 'post_id': 56}
2025-09-23 21:21:08,062 - INFO - EVENT: CHARACTER_UPDATE | USER: 90045731 | DETAILS: {'name': 'Dr FiLiN', 'post_id': 85}
2025-09-23 21:21:08,420 - INFO - EVENT: CHARACTER_UPDATE | USER: 90522765 | DETAILS: {'name': 'Orev Khazar', 'post_id': 86}
2025-09-23 21:21:08,774 - INFO - EVENT: CHARACTER_UPDATE | USER: 90162477 | DETAILS: {'name': 'Sir FiLiN', 'post_id': 87}
2025-09-23 21:21:09,622 - INFO - EVENT: CHARACTER_UPDATE | USER: 95937458 | DETAILS: {'name': 'Filin Khan', 'post_id': 88}
2025-09-23 21:21:10,023 - INFO - EVENT: CHARACTER_UPDATE | USER: 95985116 | DETAILS: {'name': 'Corvin Khan', 'post_id': 89}
2025-09-23 21:21:10,361 - INFO - EVENT: CHARACTER_UPDATE | USER: 1316070855 | DETAILS: {'name': 'FiLiN Core', 'post_id': 91}
2025-09-23 21:21:10,961 - INFO - EVENT: CHARACTER_UPDATE | USER: 91594850 | DETAILS: {'name': 'Raven Madyar', 'post_id': 92}
2025-09-23 21:21:11,396 - INFO - EVENT: CHARACTER_UPDATE | USER: 90483242 | DETAILS: {'name': 'Vran Ruthen', 'post_id': 93}
2025-09-23 21:24:53,361 - INFO - EVENT: TOKEN_REFRESH_SUCCESS | USER: system | DETAILS: {'client_id': '8b221bf2...'}
2025-09-23 21:24:53,997 - INFO - EVENT: CHARACTER_UPDATE | USER: 90020513 | DETAILS: {'name': 'Mr FiLiN', 'post_id': 56}
2025-09-23 21:24:54,129 - INFO - EVENT: TOKEN_REFRESH_SUCCESS | USER: system | DETAILS: {'client_id': '8b221bf2...'}
2025-09-23 21:24:54,452 - INFO - EVENT: CHARACTER_UPDATE | USER: 90045731 | DETAILS: {'name': 'Dr FiLiN', 'post_id': 85}
2025-09-23 21:24:54,541 - INFO - EVENT: TOKEN_REFRESH_SUCCESS | USER: system | DETAILS: {'client_id': '8b221bf2...'}
2025-09-23 21:24:54,830 - INFO - EVENT: CHARACTER_UPDATE | USER: 90522765 | DETAILS: {'name': 'Orev Khazar', 'post_id': 86}
2025-09-23 21:24:54,994 - INFO - EVENT: TOKEN_REFRESH_SUCCESS | USER: system | DETAILS: {'client_id': '8b221bf2...'}
2025-09-23 21:24:55,355 - INFO - EVENT: CHARACTER_UPDATE | USER: 90162477 | DETAILS: {'name': 'Sir FiLiN', 'post_id': 87}
2025-09-23 21:24:55,458 - INFO - EVENT: TOKEN_REFRESH_SUCCESS | USER: system | DETAILS: {'client_id': '8b221bf2...'}
2025-09-23 21:24:55,789 - INFO - EVENT: CHARACTER_UPDATE | USER: 95937458 | DETAILS: {'name': 'Filin Khan', 'post_id': 88}
2025-09-23 21:24:55,899 - INFO - EVENT: TOKEN_REFRESH_SUCCESS | USER: system | DETAILS: {'client_id': '8b221bf2...'}
2025-09-23 21:24:56,129 - INFO - EVENT: CHARACTER_UPDATE | USER: 95985116 | DETAILS: {'name': 'Corvin Khan', 'post_id': 89}
2025-09-23 21:24:56,313 - INFO - EVENT: TOKEN_REFRESH_SUCCESS | USER: system | DETAILS: {'client_id': '8b221bf2...'}
2025-09-23 21:24:56,533 - INFO - EVENT: CHARACTER_UPDATE | USER: 1316070855 | DETAILS: {'name': 'FiLiN Core', 'post_id': 91}
2025-09-23 21:24:56,635 - INFO - EVENT: TOKEN_REFRESH_SUCCESS | USER: system | DETAILS: {'client_id': '8b221bf2...'}
2025-09-23 21:24:56,980 - INFO - EVENT: CHARACTER_UPDATE | USER: 91594850 | DETAILS: {'name': 'Raven Madyar', 'post_id': 92}
2025-09-23 21:24:57,137 - INFO - EVENT: TOKEN_REFRESH_SUCCESS | USER: system | DETAILS: {'client_id': '8b221bf2...'}
2025-09-23 21:24:57,486 - INFO - EVENT: CHARACTER_UPDATE | USER: 90483242 | DETAILS: {'name': 'Vran Ruthen', 'post_id': 93}
2025-09-23 21:25:00,698 - INFO - EVENT: CHARACTER_UPDATE | USER: 90020513 | DETAILS: {'name': 'Mr FiLiN', 'post_id': 56}
2025-09-23 21:25:00,931 - INFO - EVENT: CHARACTER_UPDATE | USER: 90045731 | DETAILS: {'name': 'Dr FiLiN', 'post_id': 85}
2025-09-23 21:25:01,322 - INFO - EVENT: CHARACTER_UPDATE | USER: 90522765 | DETAILS: {'name': 'Orev Khazar', 'post_id': 86}
2025-09-23 21:25:01,558 - INFO - EVENT: CHARACTER_UPDATE | USER: 90162477 | DETAILS: {'name': 'Sir FiLiN', 'post_id': 87}
2025-09-23 21:25:01,808 - INFO - EVENT: CHARACTER_UPDATE | USER: 95937458 | DETAILS: {'name': 'Filin Khan', 'post_id': 88}
2025-09-23 21:25:02,085 - INFO - EVENT: CHARACTER_UPDATE | USER: 95985116 | DETAILS: {'name': 'Corvin Khan', 'post_id': 89}
2025-09-23 21:25:02,306 - INFO - EVENT: CHARACTER_UPDATE | USER: 1316070855 | DETAILS: {'name': 'FiLiN Core', 'post_id': 91}
2025-09-23 21:25:02,608 - INFO - EVENT: CHARACTER_UPDATE | USER: 91594850 | DETAILS: {'name': 'Raven Madyar', 'post_id': 92}
2025-09-23 21:25:02,947 - INFO - EVENT: CHARACTER_UPDATE | USER: 90483242 | DETAILS: {'name': 'Vran Ruthen', 'post_id': 93}
2025-09-23 21:27:12,001 - INFO - EVENT: CHARACTER_UPDATE | USER: 90020513 | DETAILS: {'name': 'Mr FiLiN', 'post_id': 56}
2025-09-23 21:27:12,337 - INFO - EVENT: CHARACTER_UPDATE | USER: 90045731 | DETAILS: {'name': 'Dr FiLiN', 'post_id': 85}
2025-09-23 21:27:12,634 - INFO - EVENT: CHARACTER_UPDATE | USER: 90522765 | DETAILS: {'name': 'Orev Khazar', 'post_id': 86}
2025-09-23 21:27:12,895 - INFO - EVENT: CHARACTER_UPDATE | USER: 90162477 | DETAILS: {'name': 'Sir FiLiN', 'post_id': 87}
2025-09-23 21:27:13,158 - INFO - EVENT: CHARACTER_UPDATE | USER: 95937458 | DETAILS: {'name': 'Filin Khan', 'post_id': 88}
2025-09-23 21:27:13,396 - INFO - EVENT: CHARACTER_UPDATE | USER: 95985116 | DETAILS: {'name': 'Corvin Khan', 'post_id': 89}
2025-09-23 21:27:13,689 - INFO - EVENT: CHARACTER_UPDATE | USER: 1316070855 | DETAILS: {'name': 'FiLiN Core', 'post_id': 91}
2025-09-23 21:27:13,957 - INFO - EVENT: CHARACTER_UPDATE | USER: 91594850 | DETAILS: {'name': 'Raven Madyar', 'post_id': 92}
2025-09-23 21:27:14,452 - INFO - EVENT: CHARACTER_UPDATE | USER: 90483242 | DETAILS: {'name': 'Vran Ruthen', 'post_id': 93}
2025-09-23 21:28:06,978 - INFO - EVENT: CHARACTER_UPDATE | USER: 90020513 | DETAILS: {'name': 'Mr FiLiN', 'post_id': 56}
2025-09-23 21:28:07,289 - INFO - EVENT: CHARACTER_UPDATE | USER: 90045731 | DETAILS: {'name': 'Dr FiLiN', 'post_id': 85}
2025-09-23 21:28:07,561 - INFO - EVENT: CHARACTER_UPDATE | USER: 90522765 | DETAILS: {'name': 'Orev Khazar', 'post_id': 86}
2025-09-23 21:28:07,916 - INFO - EVENT: CHARACTER_UPDATE | USER: 90162477 | DETAILS: {'name': 'Sir FiLiN', 'post_id': 87}
2025-09-23 21:28:08,211 - INFO - EVENT: CHARACTER_UPDATE | USER: 95937458 | DETAILS: {'name': 'Filin Khan', 'post_id': 88}
2025-09-23 21:28:08,477 - INFO - EVENT: CHARACTER_UPDATE | USER: 95985116 | DETAILS: {'name': 'Corvin Khan', 'post_id': 89}
2025-09-23 21:28:08,743 - INFO - EVENT: CHARACTER_UPDATE | USER: 1316070855 | DETAILS: {'name': 'FiLiN Core', 'post_id': 91}
2025-09-23 21:28:08,999 - INFO - EVENT: CHARACTER_UPDATE | USER: 91594850 | DETAILS: {'name': 'Raven Madyar', 'post_id': 92}
2025-09-23 21:28:09,358 - INFO - EVENT: CHARACTER_UPDATE | USER: 90483242 | DETAILS: {'name': 'Vran Ruthen', 'post_id': 93}
2025-09-23 21:29:19,515 - INFO - EVENT: CHARACTER_UPDATE | USER: 90020513 | DETAILS: {'name': 'Mr FiLiN', 'post_id': 56}
2025-09-23 21:29:19,821 - INFO - EVENT: CHARACTER_UPDATE | USER: 90045731 | DETAILS: {'name': 'Dr FiLiN', 'post_id': 85}
2025-09-23 21:29:20,247 - INFO - EVENT: CHARACTER_UPDATE | USER: 90522765 | DETAILS: {'name': 'Orev Khazar', 'post_id': 86}
2025-09-23 21:29:20,565 - INFO - EVENT: CHARACTER_UPDATE | USER: 90162477 | DETAILS: {'name': 'Sir FiLiN', 'post_id': 87}
2025-09-23 21:29:20,845 - INFO - EVENT: CHARACTER_UPDATE | USER: 95937458 | DETAILS: {'name': 'Filin Khan', 'post_id': 88}
2025-09-23 21:29:21,170 - INFO - EVENT: CHARACTER_UPDATE | USER: 95985116 | DETAILS: {'name': 'Corvin Khan', 'post_id': 89}
2025-09-23 21:29:21,437 - INFO - EVENT: CHARACTER_UPDATE | USER: 1316070855 | DETAILS: {'name': 'FiLiN Core', 'post_id': 91}
2025-09-23 21:29:21,784 - INFO - EVENT: CHARACTER_UPDATE | USER: 91594850 | DETAILS: {'name': 'Raven Madyar', 'post_id': 92}
2025-09-23 21:29:22,138 - INFO - EVENT: CHARACTER_UPDATE | USER: 90483242 | DETAILS: {'name': 'Vran Ruthen', 'post_id': 93}
2025-09-23 21:30:02,365 - INFO - EVENT: CHARACTER_UPDATE | USER: 90020513 | DETAILS: {'name': 'Mr FiLiN', 'post_id': 56}
2025-09-23 21:30:02,638 - INFO - EVENT: CHARACTER_UPDATE | USER: 90045731 | DETAILS: {'name': 'Dr FiLiN', 'post_id': 85}
2025-09-23 21:30:03,033 - INFO - EVENT: CHARACTER_UPDATE | USER: 90522765 | DETAILS: {'name': 'Orev Khazar', 'post_id': 86}
2025-09-23 21:30:03,264 - INFO - EVENT: CHARACTER_UPDATE | USER: 90162477 | DETAILS: {'name': 'Sir FiLiN', 'post_id': 87}
2025-09-23 21:30:03,649 - INFO - EVENT: CHARACTER_UPDATE | USER: 95937458 | DETAILS: {'name': 'Filin Khan', 'post_id': 88}
2025-09-23 21:30:04,082 - INFO - EVENT: CHARACTER_UPDATE | USER: 95985116 | DETAILS: {'name': 'Corvin Khan', 'post_id': 89}
2025-09-23 21:30:04,401 - INFO - EVENT: CHARACTER_UPDATE | USER: 1316070855 | DETAILS: {'name': 'FiLiN Core', 'post_id': 91}
2025-09-23 21:30:05,278 - INFO - EVENT: CHARACTER_UPDATE | USER: 91594850 | DETAILS: {'name': 'Raven Madyar', 'post_id': 92}
2025-09-23 21:30:05,547 - INFO - EVENT: CHARACTER_UPDATE | USER: 90483242 | DETAILS: {'name': 'Vran Ruthen', 'post_id': 93}
2025-09-23 21:31:23,973 - INFO - EVENT: CHARACTER_UPDATE | USER: 90020513 | DETAILS: {'name': 'Mr FiLiN', 'post_id': 56}
2025-09-23 21:31:24,301 - INFO - EVENT: CHARACTER_UPDATE | USER: 90045731 | DETAILS: {'name': 'Dr FiLiN', 'post_id': 85}
2025-09-23 21:31:24,625 - INFO - EVENT: CHARACTER_UPDATE | USER: 90522765 | DETAILS: {'name': 'Orev Khazar', 'post_id': 86}
2025-09-23 21:31:25,024 - INFO - EVENT: CHARACTER_UPDATE | USER: 90162477 | DETAILS: {'name': 'Sir FiLiN', 'post_id': 87}
2025-09-23 21:31:25,250 - INFO - EVENT: CHARACTER_UPDATE | USER: 95937458 | DETAILS: {'name': 'Filin Khan', 'post_id': 88}
2025-09-23 21:31:25,623 - INFO - EVENT: CHARACTER_UPDATE | USER: 95985116 | DETAILS: {'name': 'Corvin Khan', 'post_id': 89}
2025-09-23 21:31:25,974 - INFO - EVENT: CHARACTER_UPDATE | USER: 1316070855 | DETAILS: {'name': 'FiLiN Core', 'post_id': 91}
2025-09-23 21:31:26,397 - INFO - EVENT: CHARACTER_UPDATE | USER: 91594850 | DETAILS: {'name': 'Raven Madyar', 'post_id': 92}
2025-09-23 21:31:26,745 - INFO - EVENT: CHARACTER_UPDATE | USER: 90483242 | DETAILS: {'name': 'Vran Ruthen', 'post_id': 93}
2025-09-23 22:00:49,896 - INFO - EVENT: CHARACTER_UPDATE | USER: 90020513 | DETAILS: {'name': 'Mr FiLiN', 'post_id': 56}
2025-09-23 22:00:51,339 - INFO - EVENT: CHARACTER_UPDATE | USER: 90045731 | DETAILS: {'name': 'Dr FiLiN', 'post_id': 85}
2025-09-23 22:00:51,476 - INFO - EVENT: TOKEN_REFRESH_SUCCESS | USER: system | DETAILS: {'client_id': '8b221bf2...'}
2025-09-23 22:00:53,165 - INFO - EVENT: CHARACTER_UPDATE | USER: 90522765 | DETAILS: {'name': 'Orev Khazar', 'post_id': 86}
2025-09-23 22:00:53,352 - INFO - EVENT: TOKEN_REFRESH_SUCCESS | USER: system | DETAILS: {'client_id': '8b221bf2...'}
2025-09-23 22:00:55,390 - INFO - EVENT: CHARACTER_UPDATE | USER: 90162477 | DETAILS: {'name': 'Sir FiLiN', 'post_id': 87}
2025-09-23 22:00:55,499 - INFO - EVENT: TOKEN_REFRESH_SUCCESS | USER: system | DETAILS: {'client_id': '8b221bf2...'}
2025-09-23 22:00:58,015 - INFO - EVENT: CHARACTER_UPDATE | USER: 95937458 | DETAILS: {'name': 'Filin Khan', 'post_id': 88}
2025-09-23 22:00:58,127 - INFO - EVENT: TOKEN_REFRESH_SUCCESS | USER: system | DETAILS: {'client_id': '8b221bf2...'}
2025-09-23 22:01:00,257 - INFO - EVENT: CHARACTER_UPDATE | USER: 95985116 | DETAILS: {'name': 'Corvin Khan', 'post_id': 89}
2025-09-23 22:01:00,392 - INFO - EVENT: TOKEN_REFRESH_SUCCESS | USER: system | DETAILS: {'client_id': '8b221bf2...'}
2025-09-23 22:01:02,549 - INFO - EVENT: CHARACTER_UPDATE | USER: 1316070855 | DETAILS: {'name': 'FiLiN Core', 'post_id': 91}
2025-09-23 22:01:02,727 - INFO - EVENT: TOKEN_REFRESH_SUCCESS | USER: system | DETAILS: {'client_id': '8b221bf2...'}
2025-09-23 22:01:06,823 - INFO - EVENT: CHARACTER_UPDATE | USER: 91594850 | DETAILS: {'name': 'Raven Madyar', 'post_id': 92}
2025-09-23 22:01:07,043 - INFO - EVENT: TOKEN_REFRESH_SUCCESS | USER: system | DETAILS: {'client_id': '8b221bf2...'}
2025-09-23 22:01:09,337 - INFO - EVENT: CHARACTER_UPDATE | USER: 90483242 | DETAILS: {'name': 'Vran Ruthen', 'post_id': 93}
2025-09-23 22:05:05,274 - INFO - EVENT: CHARACTER_UPDATE | USER: 90020513 | DETAILS: {'name': 'Mr FiLiN', 'post_id': 56}
2025-09-23 22:05:06,708 - INFO - EVENT: CHARACTER_UPDATE | USER: 90045731 | DETAILS: {'name': 'Dr FiLiN', 'post_id': 85}
2025-09-23 22:05:08,359 - INFO - EVENT: CHARACTER_UPDATE | USER: 90522765 | DETAILS: {'name': 'Orev Khazar', 'post_id': 86}
2025-09-23 22:05:10,315 - INFO - EVENT: CHARACTER_UPDATE | USER: 90162477 | DETAILS: {'name': 'Sir FiLiN', 'post_id': 87}
2025-09-23 22:05:12,407 - INFO - EVENT: CHARACTER_UPDATE | USER: 95937458 | DETAILS: {'name': 'Filin Khan', 'post_id': 88}
2025-09-23 22:05:14,532 - INFO - EVENT: CHARACTER_UPDATE | USER: 95985116 | DETAILS: {'name': 'Corvin Khan', 'post_id': 89}
2025-09-23 22:05:16,653 - INFO - EVENT: CHARACTER_UPDATE | USER: 1316070855 | DETAILS: {'name': 'FiLiN Core', 'post_id': 91}
2025-09-23 22:05:18,752 - INFO - EVENT: CHARACTER_UPDATE | USER: 91594850 | DETAILS: {'name': 'Raven Madyar', 'post_id': 92}
2025-09-23 22:05:20,827 - INFO - EVENT: CHARACTER_UPDATE | USER: 90483242 | DETAILS: {'name': 'Vran Ruthen', 'post_id': 93}
2025-09-23 22:07:07,021 - INFO - EVENT: CHARACTER_UPDATE | USER: 90020513 | DETAILS: {'name': 'Mr FiLiN', 'post_id': 56}
2025-09-23 22:07:08,500 - INFO - EVENT: CHARACTER_UPDATE | USER: 90045731 | DETAILS: {'name': 'Dr FiLiN', 'post_id': 85}
2025-09-23 22:07:10,167 - INFO - EVENT: CHARACTER_UPDATE | USER: 90522765 | DETAILS: {'name': 'Orev Khazar', 'post_id': 86}
2025-09-23 22:07:12,204 - INFO - EVENT: CHARACTER_UPDATE | USER: 90162477 | DETAILS: {'name': 'Sir FiLiN', 'post_id': 87}
2025-09-23 22:07:14,327 - INFO - EVENT: CHARACTER_UPDATE | USER: 95937458 | DETAILS: {'name': 'Filin Khan', 'post_id': 88}
2025-09-23 22:07:16,404 - INFO - EVENT: CHARACTER_UPDATE | USER: 95985116 | DETAILS: {'name': 'Corvin Khan', 'post_id': 89}
2025-09-23 22:07:18,527 - INFO - EVENT: CHARACTER_UPDATE | USER: 1316070855 | DETAILS: {'name': 'FiLiN Core', 'post_id': 91}
2025-09-23 22:07:20,629 - INFO - EVENT: CHARACTER_UPDATE | USER: 91594850 | DETAILS: {'name': 'Raven Madyar', 'post_id': 92}
2025-09-23 22:07:22,852 - INFO - EVENT: CHARACTER_UPDATE | USER: 90483242 | DETAILS: {'name': 'Vran Ruthen', 'post_id': 93}
2025-09-23 22:07:42,091 - INFO - EVENT: CHARACTER_UPDATE | USER: 90020513 | DETAILS: {'name': 'Mr FiLiN', 'post_id': 56}
2025-09-23 22:07:43,409 - INFO - EVENT: CHARACTER_UPDATE | USER: 90045731 | DETAILS: {'name': 'Dr FiLiN', 'post_id': 85}
2025-09-23 22:07:44,940 - INFO - EVENT: CHARACTER_UPDATE | USER: 90522765 | DETAILS: {'name': 'Orev Khazar', 'post_id': 86}
2025-09-23 22:07:46,706 - INFO - EVENT: CHARACTER_UPDATE | USER: 90162477 | DETAILS: {'name': 'Sir FiLiN', 'post_id': 87}
2025-09-23 22:07:48,797 - INFO - EVENT: CHARACTER_UPDATE | USER: 95937458 | DETAILS: {'name': 'Filin Khan', 'post_id': 88}
2025-09-23 22:07:50,925 - INFO - EVENT: CHARACTER_UPDATE | USER: 95985116 | DETAILS: {'name': 'Corvin Khan', 'post_id': 89}
2025-09-23 22:07:53,008 - INFO - EVENT: CHARACTER_UPDATE | USER: 1316070855 | DETAILS: {'name': 'FiLiN Core', 'post_id': 91}
2025-09-23 22:07:55,100 - INFO - EVENT: CHARACTER_UPDATE | USER: 91594850 | DETAILS: {'name': 'Raven Madyar', 'post_id': 92}
2025-09-23 22:07:57,192 - INFO - EVENT: CHARACTER_UPDATE | USER: 90483242 | DETAILS: {'name': 'Vran Ruthen', 'post_id': 93}
