2025-09-23 22:30:30,536 - INFO - EVENT: TOKEN_REFRESH_SUCCESS | USER: system | DETAILS: {'client_id': '8b221bf2...'}
2025-09-23 22:30:30,741 - INFO - ESI authenticated fetch successful: /characters/90020513/ in 0.20s
2025-09-23 22:30:30,742 - INFO - _fetch_esi_with_retry completed in 0.205s
2025-09-23 22:30:31,018 - INFO - WordPress GET successful: /wp/v2/eve_character?slug=character-90020513 in 0.27s
2025-09-23 22:30:31,018 - INFO - wp_request completed in 0.275s
2025-09-23 22:30:31,055 - INFO - ESI public fetch successful: /characters/90020513/portrait/ in 0.04s
2025-09-23 22:30:31,055 - INFO - _fetch_esi_with_retry completed in 0.037s
2025-09-23 22:30:31,055 - INFO - Portrait unchanged for character: Mr FiLiN
2025-09-23 22:30:31,943 - INFO - WordPress PUT successful: /wp/v2/eve_character/56 in 0.89s
2025-09-23 22:30:31,943 - INFO - wp_request completed in 0.888s
2025-09-23 22:30:31,944 - INFO - Updated character: Mr FiLiN
2025-09-23 22:30:31,944 - INFO - EVENT: CHARACTER_UPDATE | USER: 90020513 | DETAILS: {'name': 'Mr FiLiN', 'post_id': 56}
2025-09-23 22:30:32,081 - INFO - EVENT: TOKEN_REFRESH_SUCCESS | USER: system | DETAILS: {'client_id': '8b221bf2...'}
2025-09-23 22:30:32,128 - INFO - ESI authenticated fetch successful: /characters/90045731/ in 0.05s
2025-09-23 22:30:32,129 - INFO - _fetch_esi_with_retry completed in 0.046s
2025-09-23 22:30:32,129 - INFO - Rate limiter adjusted: base=60.0, current=50.56, factor=0.8
2025-09-23 22:30:32,316 - INFO - WordPress GET successful: /wp/v2/eve_character?slug=character-90045731 in 0.19s
2025-09-23 22:30:32,317 - INFO - wp_request completed in 0.188s
2025-09-23 22:30:32,524 - INFO - ESI public fetch successful: /characters/90045731/portrait/ in 0.21s
2025-09-23 22:30:32,525 - INFO - _fetch_esi_with_retry completed in 0.207s
2025-09-23 22:30:32,526 - INFO - Portrait unchanged for character: Dr FiLiN
2025-09-23 22:30:32,526 - INFO - Rate limiter adjusted: base=60.0, current=46.42, factor=0.8
2025-09-23 22:30:33,535 - INFO - WordPress PUT successful: /wp/v2/eve_character/85 in 1.01s
2025-09-23 22:30:33,535 - INFO - wp_request completed in 1.009s
2025-09-23 22:30:33,535 - INFO - Updated character: Dr FiLiN
2025-09-23 22:30:33,535 - INFO - EVENT: CHARACTER_UPDATE | USER: 90045731 | DETAILS: {'name': 'Dr FiLiN', 'post_id': 85}
2025-09-23 22:30:33,670 - INFO - EVENT: TOKEN_REFRESH_SUCCESS | USER: system | DETAILS: {'client_id': '8b221bf2...'}
2025-09-23 22:30:33,722 - INFO - ESI authenticated fetch successful: /characters/90522765/ in 0.05s
2025-09-23 22:30:33,723 - INFO - _fetch_esi_with_retry completed in 0.049s
2025-09-23 22:30:33,723 - INFO - Rate limiter adjusted: base=60.0, current=42.61, factor=0.7
2025-09-23 22:30:34,041 - INFO - WordPress GET successful: /wp/v2/eve_character?slug=character-90522765 in 0.32s
2025-09-23 22:30:34,041 - INFO - wp_request completed in 0.319s
2025-09-23 22:30:34,115 - INFO - ESI public fetch successful: /characters/90522765/portrait/ in 0.07s
2025-09-23 22:30:34,117 - INFO - _fetch_esi_with_retry completed in 0.075s
2025-09-23 22:30:34,117 - INFO - Portrait unchanged for character: Orev Khazar
2025-09-23 22:30:34,117 - INFO - Rate limiter adjusted: base=60.0, current=39.12, factor=0.7
2025-09-23 22:30:35,391 - INFO - WordPress PUT successful: /wp/v2/eve_character/86 in 1.27s
2025-09-23 22:30:35,392 - INFO - wp_request completed in 1.275s
2025-09-23 22:30:35,392 - INFO - Updated character: Orev Khazar
2025-09-23 22:30:35,392 - INFO - EVENT: CHARACTER_UPDATE | USER: 90522765 | DETAILS: {'name': 'Orev Khazar', 'post_id': 86}
2025-09-23 22:30:35,529 - INFO - EVENT: TOKEN_REFRESH_SUCCESS | USER: system | DETAILS: {'client_id': '8b221bf2...'}
2025-09-23 22:30:35,567 - INFO - ESI authenticated fetch successful: /characters/90162477/ in 0.04s
2025-09-23 22:30:35,567 - INFO - _fetch_esi_with_retry completed in 0.035s
2025-09-23 22:30:35,567 - INFO - Rate limiter adjusted: base=60.0, current=35.91, factor=0.6
2025-09-23 22:30:35,915 - INFO - WordPress GET successful: /wp/v2/eve_character?slug=character-90162477 in 0.35s
2025-09-23 22:30:35,916 - INFO - wp_request completed in 0.349s
2025-09-23 22:30:35,956 - INFO - ESI public fetch successful: /characters/90162477/portrait/ in 0.04s
2025-09-23 22:30:35,956 - INFO - _fetch_esi_with_retry completed in 0.039s
2025-09-23 22:30:35,956 - INFO - Portrait unchanged for character: Sir FiLiN
2025-09-23 22:30:35,956 - INFO - Rate limiter adjusted: base=60.0, current=32.96, factor=0.5
2025-09-23 22:30:37,485 - INFO - WordPress PUT successful: /wp/v2/eve_character/87 in 1.53s
2025-09-23 22:30:37,486 - INFO - wp_request completed in 1.529s
2025-09-23 22:30:37,486 - INFO - Updated character: Sir FiLiN
2025-09-23 22:30:37,486 - INFO - EVENT: CHARACTER_UPDATE | USER: 90162477 | DETAILS: {'name': 'Sir FiLiN', 'post_id': 87}
2025-09-23 22:30:37,593 - INFO - EVENT: TOKEN_REFRESH_SUCCESS | USER: system | DETAILS: {'client_id': '8b221bf2...'}
2025-09-23 22:30:37,633 - INFO - ESI authenticated fetch successful: /characters/95937458/ in 0.04s
2025-09-23 22:30:37,633 - INFO - _fetch_esi_with_retry completed in 0.036s
2025-09-23 22:30:37,633 - INFO - Rate limiter adjusted: base=60.0, current=30.60, factor=0.5
2025-09-23 22:30:38,079 - INFO - WordPress GET successful: /wp/v2/eve_character?slug=character-95937458 in 0.44s
2025-09-23 22:30:38,079 - INFO - wp_request completed in 0.446s
2025-09-23 22:30:38,115 - INFO - ESI public fetch successful: /characters/95937458/portrait/ in 0.04s
2025-09-23 22:30:38,115 - INFO - _fetch_esi_with_retry completed in 0.036s
2025-09-23 22:30:38,115 - INFO - Portrait unchanged for character: Filin Khan
2025-09-23 22:30:38,116 - INFO - Rate limiter adjusted: base=60.0, current=30.60, factor=0.5
2025-09-23 22:30:39,673 - INFO - WordPress PUT successful: /wp/v2/eve_character/88 in 1.56s
2025-09-23 22:30:39,673 - INFO - wp_request completed in 1.558s
2025-09-23 22:30:39,673 - INFO - Updated character: Filin Khan
2025-09-23 22:30:39,673 - INFO - EVENT: CHARACTER_UPDATE | USER: 95937458 | DETAILS: {'name': 'Filin Khan', 'post_id': 88}
2025-09-23 22:30:39,774 - INFO - EVENT: TOKEN_REFRESH_SUCCESS | USER: system | DETAILS: {'client_id': '8b221bf2...'}
2025-09-23 22:30:39,825 - INFO - ESI authenticated fetch successful: /characters/95985116/ in 0.05s
2025-09-23 22:30:39,825 - INFO - _fetch_esi_with_retry completed in 0.046s
2025-09-23 22:30:39,826 - INFO - Rate limiter adjusted: base=60.0, current=30.60, factor=0.5
2025-09-23 22:30:40,178 - INFO - WordPress GET successful: /wp/v2/eve_character?slug=character-95985116 in 0.35s
2025-09-23 22:30:40,179 - INFO - wp_request completed in 0.354s
2025-09-23 22:30:40,214 - INFO - ESI public fetch successful: /characters/95985116/portrait/ in 0.03s
2025-09-23 22:30:40,215 - INFO - _fetch_esi_with_retry completed in 0.035s
2025-09-23 22:30:40,215 - INFO - Portrait unchanged for character: Corvin Khan
2025-09-23 22:30:40,215 - INFO - Rate limiter adjusted: base=60.0, current=30.60, factor=0.5
2025-09-23 22:30:41,879 - INFO - WordPress PUT successful: /wp/v2/eve_character/89 in 1.66s
2025-09-23 22:30:41,880 - INFO - wp_request completed in 1.665s
2025-09-23 22:30:41,880 - INFO - Updated character: Corvin Khan
2025-09-23 22:30:41,880 - INFO - EVENT: CHARACTER_UPDATE | USER: 95985116 | DETAILS: {'name': 'Corvin Khan', 'post_id': 89}
2025-09-23 22:30:42,090 - INFO - EVENT: TOKEN_REFRESH_SUCCESS | USER: system | DETAILS: {'client_id': '8b221bf2...'}
2025-09-23 22:30:42,205 - INFO - ESI authenticated fetch successful: /characters/1316070855/ in 0.11s
2025-09-23 22:30:42,205 - INFO - _fetch_esi_with_retry completed in 0.113s
2025-09-23 22:30:42,206 - INFO - Rate limiter adjusted: base=60.0, current=30.60, factor=0.5
2025-09-23 22:30:42,305 - INFO - WordPress GET successful: /wp/v2/eve_character?slug=character-1316070855 in 0.10s
2025-09-23 22:30:42,305 - INFO - wp_request completed in 0.100s
2025-09-23 22:30:42,343 - INFO - ESI public fetch successful: /characters/1316070855/portrait/ in 0.04s
2025-09-23 22:30:42,343 - INFO - _fetch_esi_with_retry completed in 0.037s
2025-09-23 22:30:42,343 - INFO - Portrait unchanged for character: FiLiN Core
2025-09-23 22:30:42,343 - INFO - Rate limiter adjusted: base=60.0, current=30.60, factor=0.5
2025-09-23 22:30:44,302 - INFO - WordPress PUT successful: /wp/v2/eve_character/91 in 1.96s
2025-09-23 22:30:44,303 - INFO - wp_request completed in 1.959s
2025-09-23 22:30:44,304 - INFO - Updated character: FiLiN Core
2025-09-23 22:30:44,304 - INFO - EVENT: CHARACTER_UPDATE | USER: 1316070855 | DETAILS: {'name': 'FiLiN Core', 'post_id': 91}
2025-09-23 22:30:44,459 - INFO - EVENT: TOKEN_REFRESH_SUCCESS | USER: system | DETAILS: {'client_id': '8b221bf2...'}
2025-09-23 22:30:44,498 - INFO - ESI authenticated fetch successful: /characters/91594850/ in 0.04s
2025-09-23 22:30:44,499 - INFO - _fetch_esi_with_retry completed in 0.038s
2025-09-23 22:30:44,499 - INFO - Rate limiter adjusted: base=60.0, current=30.60, factor=0.5
2025-09-23 22:30:44,586 - INFO - WordPress GET successful: /wp/v2/eve_character?slug=character-91594850 in 0.09s
2025-09-23 22:30:44,587 - INFO - wp_request completed in 0.088s
2025-09-23 22:30:44,625 - INFO - ESI public fetch successful: /characters/91594850/portrait/ in 0.04s
2025-09-23 22:30:44,625 - INFO - _fetch_esi_with_retry completed in 0.037s
2025-09-23 22:30:44,625 - INFO - Portrait unchanged for character: Raven Madyar
2025-09-23 22:30:44,625 - INFO - Rate limiter adjusted: base=60.0, current=30.60, factor=0.5
2025-09-23 22:30:46,541 - INFO - WordPress PUT successful: /wp/v2/eve_character/92 in 1.92s
2025-09-23 22:30:46,542 - INFO - wp_request completed in 1.917s
2025-09-23 22:30:46,542 - INFO - Updated character: Raven Madyar
2025-09-23 22:30:46,542 - INFO - EVENT: CHARACTER_UPDATE | USER: 91594850 | DETAILS: {'name': 'Raven Madyar', 'post_id': 92}
2025-09-23 22:30:46,647 - INFO - EVENT: TOKEN_REFRESH_SUCCESS | USER: system | DETAILS: {'client_id': '8b221bf2...'}
2025-09-23 22:30:46,688 - INFO - ESI authenticated fetch successful: /characters/90483242/ in 0.04s
2025-09-23 22:30:46,688 - INFO - _fetch_esi_with_retry completed in 0.038s
2025-09-23 22:30:46,688 - INFO - Rate limiter adjusted: base=60.0, current=30.60, factor=0.5
2025-09-23 22:30:46,763 - INFO - WordPress GET successful: /wp/v2/eve_character?slug=character-90483242 in 0.07s
2025-09-23 22:30:46,763 - INFO - wp_request completed in 0.075s
2025-09-23 22:30:46,797 - INFO - ESI public fetch successful: /characters/90483242/portrait/ in 0.03s
2025-09-23 22:30:46,797 - INFO - _fetch_esi_with_retry completed in 0.034s
2025-09-23 22:30:46,797 - INFO - Portrait unchanged for character: Vran Ruthen
2025-09-23 22:30:46,797 - INFO - Rate limiter adjusted: base=60.0, current=30.60, factor=0.5
2025-09-23 22:30:48,728 - INFO - WordPress PUT successful: /wp/v2/eve_character/93 in 1.93s
2025-09-23 22:30:48,729 - INFO - wp_request completed in 1.932s
2025-09-23 22:30:48,729 - INFO - Updated character: Vran Ruthen
2025-09-23 22:30:48,729 - INFO - EVENT: CHARACTER_UPDATE | USER: 90483242 | DETAILS: {'name': 'Vran Ruthen', 'post_id': 93}
2025-09-23 22:30:48,730 - INFO - Corporation collection completed in 18.30s
2025-09-23 22:30:48,730 - INFO - Starting cleanup of old posts...
2025-09-23 22:30:48,730 - INFO - Cleaning up contract posts...
2025-09-23 22:30:48,731 - INFO - Rate limiter adjusted: base=60.0, current=30.60, factor=0.5
2025-09-23 22:30:48,850 - INFO - WordPress GET successful: /wp/v2/eve_contract in 0.12s
2025-09-23 22:30:48,850 - INFO - wp_request completed in 0.120s
2025-09-23 22:30:48,851 - INFO - Cleaning up blueprint posts...
2025-09-23 22:30:49,322 - INFO - Cleanup completed.
2025-09-23 22:30:49,323 - INFO - Post cleanup completed in 0.59s
2025-09-23 22:30:49,323 - INFO - Processing character: Mr FiLiN (ID: 90020513)
2025-09-23 22:30:49,548 - INFO - ESI authenticated fetch successful: /characters/90020513/contracts/ in 0.23s
2025-09-23 22:30:49,549 - INFO - _fetch_esi_with_retry completed in 0.226s
2025-09-23 22:30:49,549 - INFO - Processing character: Dr FiLiN (ID: 90045731)
2025-09-23 22:30:49,693 - INFO - ESI authenticated fetch successful: /characters/90045731/contracts/ in 0.14s
2025-09-23 22:30:49,693 - INFO - _fetch_esi_with_retry completed in 0.143s
2025-09-23 22:30:49,693 - INFO - Character contracts for Dr FiLiN: 61 items
2025-09-23 22:30:49,696 - INFO - Rate limiter adjusted: base=60.0, current=30.60, factor=0.5
2025-09-23 22:30:50,770 - INFO - WordPress GET successful: /wp/v2/eve_contract?slug=contract-222641777 in 1.07s
2025-09-23 22:30:50,770 - INFO - wp_request completed in 1.074s
2025-09-23 22:30:50,807 - INFO - ESI authenticated fetch successful: /characters/90045731/contracts/222641777/items/ in 0.04s
2025-09-23 22:30:50,808 - INFO - _fetch_esi_with_retry completed in 0.037s
2025-09-23 22:30:50,809 - INFO - Checking competition for contract 222641777 (type_id: 29040, price_per_item: 299999999.00) in region 10000002
2025-09-23 22:30:51,709 - WARNING - Reached page limit (10) for region 10000002, stopping
2025-09-23 22:30:51,710 - INFO - Found 9956 potential competing contracts in region 10000002
2025-09-23 22:31:38,407 - INFO - ESI public fetch successful: /universe/types/25267 in 0.03s
2025-09-23 22:31:38,408 - INFO - _fetch_esi_with_retry completed in 0.035s
2025-09-23 22:31:38,487 - INFO - ESI public fetch successful: /universe/types/57147 in 0.04s
2025-09-23 22:31:38,487 - INFO - _fetch_esi_with_retry completed in 0.045s
2025-09-23 22:31:38,559 - INFO - ESI public fetch successful: /universe/types/25508 in 0.03s
2025-09-23 22:31:38,559 - INFO - _fetch_esi_with_retry completed in 0.034s
2025-09-23 22:31:38,626 - INFO - ESI public fetch successful: /universe/types/25508 in 0.03s
2025-09-23 22:31:38,627 - INFO - _fetch_esi_with_retry completed in 0.034s
2025-09-23 22:31:38,707 - INFO - ESI public fetch successful: /universe/types/47740 in 0.05s
2025-09-23 22:31:38,707 - INFO - _fetch_esi_with_retry completed in 0.048s
2025-09-23 22:31:38,708 - WARNING - No event loop available for session cleanup
